[ 2026-07-19 06:43:10 ]
[ UNIX_USR ] :: nt authority\system
[ WINDOWS_USR ] :: DESKTOP-FHJB2CN$
[ INFO ] ::  
            SELECT
                pp.method_pay_id,
                SUM(pp.pay) as total_paid
            FROM fayxzvov_reginas.order_payments pp
            INNER JOIN fayxzvov_reginas.`order` o ON pp.order_id = o.id
            WHERE DATE(o.date_creation) = ? AND o.subsidiaries_id = ?
              AND DATE(pp.date_pay) = ?
              AND COALESCE(pp.subsidiaries_id, o.subsidiaries_id) = ?
              AND o.status != 4 AND o.is_legacy = 0
            GROUP BY pp.method_pay_id
        
[ ERROR READ] :: SQLSTATE[HY093]: Invalid parameter number: number of bound variables does not match number of tokens


[ 2026-07-18 09:22:49 ]
[ UNIX_USR ] :: nt authority\system
[ WINDOWS_USR ] :: DESKTOP-FHJB2CN$
[ INFO ] ::  INSERT INTO fayxzvov_reginas.order_histories (title,order_id,comment,action,date_action,type,usr_users_id) VALUES (?,?,?,?,?,?,?)
[ ERROR C.U.D. ] :: SQLSTATE[HY000]: General error: 1366 Incorrect string value: '\xE2\x86\x92 2 ...' for column 'comment' at row 1


[ 2026-07-18 08:58:52 ]
[ UNIX_USR ] :: nt authority\system
[ WINDOWS_USR ] :: DESKTOP-FHJB2CN$
[ INFO ] ::  
            SELECT
                pp.method_pay_id,
                SUM(pp.pay) as total_paid
            FROM fayxzvov_reginas.order_payments pp
            INNER JOIN fayxzvov_reginas.`order` o ON pp.order_id = o.id
            WHERE DATE(o.date_creation) = ? AND o.subsidiaries_id = ?
              AND DATE(pp.date_pay) = ?
              AND COALESCE(pp.subsidiaries_id, o.subsidiaries_id) = ?
              AND o.status != 4 AND o.is_legacy = 0
            GROUP BY pp.method_pay_id
        
[ ERROR READ] :: SQLSTATE[HY093]: Invalid parameter number: number of bound variables does not match number of tokens


[ 2026-07-18 08:58:41 ]
[ UNIX_USR ] :: nt authority\system
[ WINDOWS_USR ] :: DESKTOP-FHJB2CN$
[ INFO ] ::  
            SELECT
                pp.method_pay_id,
                SUM(pp.pay) as total_paid
            FROM fayxzvov_reginas.order_payments pp
            INNER JOIN fayxzvov_reginas.`order` o ON pp.order_id = o.id
            WHERE DATE(o.date_creation) = ? AND o.subsidiaries_id = ?
              AND DATE(pp.date_pay) = ?
              AND COALESCE(pp.subsidiaries_id, o.subsidiaries_id) = ?
              AND o.status != 4 AND o.is_legacy = 0
            GROUP BY pp.method_pay_id
        
[ ERROR READ] :: SQLSTATE[HY093]: Invalid parameter number: number of bound variables does not match number of tokens


[ 2026-07-17 22:35:25 ]
[ UNIX_USR ] :: nt authority\system
[ WINDOWS_USR ] :: DESKTOP-FHJB2CN$
[ INFO ] ::  
            SELECT
                pp.method_pay_id,
                SUM(pp.pay) as total_paid
            FROM fayxzvov_reginas.order_payments pp
            INNER JOIN fayxzvov_reginas.`order` o ON pp.order_id = o.id
            WHERE DATE(o.date_creation) = ? AND o.subsidiaries_id = ?
              AND DATE(pp.date_pay) = ?
              AND COALESCE(pp.subsidiaries_id, o.subsidiaries_id) = ?
              AND o.status != 4 AND o.is_legacy = 0
            GROUP BY pp.method_pay_id
        
[ ERROR READ] :: SQLSTATE[HY093]: Invalid parameter number: number of bound variables does not match number of tokens


[ 2026-07-17 17:28:03 ]
[ UNIX_USR ] :: nt authority\system
[ WINDOWS_USR ] :: DESKTOP-FHJB2CN$
[ INFO ] ::  
            SELECT
                pp.method_pay_id,
                SUM(pp.pay) as total_paid
            FROM fayxzvov_reginas.order_payments pp
            INNER JOIN fayxzvov_reginas.`order` o ON pp.order_id = o.id
            WHERE DATE(o.date_creation) = ? AND o.subsidiaries_id = ?
              AND DATE(pp.date_pay) = ?
              AND COALESCE(pp.subsidiaries_id, o.subsidiaries_id) = ?
              AND o.status != 4 AND o.is_legacy = 0
            GROUP BY pp.method_pay_id
        
[ ERROR READ] :: SQLSTATE[HY093]: Invalid parameter number: number of bound variables does not match number of tokens


[ 2026-07-17 17:27:07 ]
[ UNIX_USR ] :: nt authority\system
[ WINDOWS_USR ] :: DESKTOP-FHJB2CN$
[ INFO ] ::  
            SELECT
                pp.method_pay_id,
                SUM(pp.pay) as total_paid
            FROM fayxzvov_reginas.order_payments pp
            INNER JOIN fayxzvov_reginas.`order` o ON pp.order_id = o.id
            WHERE DATE(o.date_creation) = ? AND o.subsidiaries_id = ?
              AND DATE(pp.date_pay) = ?
              AND COALESCE(pp.subsidiaries_id, o.subsidiaries_id) = ?
              AND o.status != 4 AND o.is_legacy = 0
            GROUP BY pp.method_pay_id
        
[ ERROR READ] :: SQLSTATE[HY093]: Invalid parameter number: number of bound variables does not match number of tokens


[ 2026-07-16 05:44:23 ]
[ UNIX_USR ] :: nt authority\system
[ WINDOWS_USR ] :: DESKTOP-FHJB2CN$
[ INFO ] ::  
            SELECT
                pp.method_pay_id,
                SUM(pp.pay) as total_paid
            FROM fayxzvov_reginas.order_payments pp
            INNER JOIN fayxzvov_reginas.`order` o ON pp.order_id = o.id
            WHERE DATE(o.date_creation) = ? AND o.subsidiaries_id = ?
              AND DATE(pp.date_pay) = ?
              AND COALESCE(pp.subsidiaries_id, o.subsidiaries_id) = ?
              AND o.status != 4 AND o.is_legacy = 0
            GROUP BY pp.method_pay_id
        
[ ERROR READ] :: SQLSTATE[HY093]: Invalid parameter number: number of bound variables does not match number of tokens


[ 2026-07-16 05:43:52 ]
[ UNIX_USR ] :: nt authority\system
[ WINDOWS_USR ] :: DESKTOP-FHJB2CN$
[ INFO ] ::  
            SELECT
                pp.method_pay_id,
                SUM(pp.pay) as total_paid
            FROM fayxzvov_reginas.order_payments pp
            INNER JOIN fayxzvov_reginas.`order` o ON pp.order_id = o.id
            WHERE DATE(o.date_creation) = ? AND o.subsidiaries_id = ?
              AND DATE(pp.date_pay) = ?
              AND COALESCE(pp.subsidiaries_id, o.subsidiaries_id) = ?
              AND o.status != 4 AND o.is_legacy = 0
            GROUP BY pp.method_pay_id
        
[ ERROR READ] :: SQLSTATE[HY093]: Invalid parameter number: number of bound variables does not match number of tokens


[ 2026-07-16 05:43:38 ]
[ UNIX_USR ] :: nt authority\system
[ WINDOWS_USR ] :: DESKTOP-FHJB2CN$
[ INFO ] ::  
            SELECT
                pp.method_pay_id,
                SUM(pp.pay) as total_paid
            FROM fayxzvov_reginas.order_payments pp
            INNER JOIN fayxzvov_reginas.`order` o ON pp.order_id = o.id
            WHERE DATE(o.date_creation) = ? AND o.subsidiaries_id = ?
              AND DATE(pp.date_pay) = ?
              AND COALESCE(pp.subsidiaries_id, o.subsidiaries_id) = ?
              AND o.status != 4 AND o.is_legacy = 0
            GROUP BY pp.method_pay_id
        
[ ERROR READ] :: SQLSTATE[HY093]: Invalid parameter number: number of bound variables does not match number of tokens


[ 2026-07-15 22:52:00 ]
[ UNIX_USR ] :: nt authority\system
[ WINDOWS_USR ] :: DESKTOP-FHJB2CN$
[ INFO ] ::  
            SELECT
                pp.method_pay_id,
                SUM(pp.pay) as total_paid
            FROM fayxzvov_reginas.order_payments pp
            INNER JOIN fayxzvov_reginas.`order` o ON pp.order_id = o.id
            WHERE DATE(o.date_creation) = ? AND o.subsidiaries_id = ?
              AND DATE(pp.date_pay) = ?
              AND COALESCE(pp.subsidiaries_id, o.subsidiaries_id) = ?
              AND o.status != 4 AND o.is_legacy = 0
            GROUP BY pp.method_pay_id
        
[ ERROR READ] :: SQLSTATE[HY093]: Invalid parameter number: number of bound variables does not match number of tokens


[ 2026-07-15 22:51:50 ]
[ UNIX_USR ] :: nt authority\system
[ WINDOWS_USR ] :: DESKTOP-FHJB2CN$
[ INFO ] ::  
            SELECT
                pp.method_pay_id,
                SUM(pp.pay) as total_paid
            FROM fayxzvov_reginas.order_payments pp
            INNER JOIN fayxzvov_reginas.`order` o ON pp.order_id = o.id
            WHERE DATE(o.date_creation) = ? AND o.subsidiaries_id = ?
              AND DATE(pp.date_pay) = ?
              AND COALESCE(pp.subsidiaries_id, o.subsidiaries_id) = ?
              AND o.status != 4 AND o.is_legacy = 0
            GROUP BY pp.method_pay_id
        
[ ERROR READ] :: SQLSTATE[HY093]: Invalid parameter number: number of bound variables does not match number of tokens


[ 2026-07-15 21:54:50 ]
[ UNIX_USR ] :: nt authority\system
[ WINDOWS_USR ] :: DESKTOP-FHJB2CN$
[ INFO ] ::  INSERT INTO fayxzvov_reginas.order_histories (title,order_id,comment,action,date_action,type,usr_users_id) VALUES (?,?,?,?,?,?,?)
[ ERROR C.U.D. ] :: SQLSTATE[HY000]: General error: 1366 Incorrect string value: '\xE2\x86\x92 $ ...' for column 'comment' at row 1


[ 2026-07-15 12:49:22 ]
[ UNIX_USR ] :: nt authority\system
[ WINDOWS_USR ] :: DESKTOP-FHJB2CN$
[ INFO ] ::  
            SELECT
                pp.method_pay_id,
                SUM(pp.pay) as total_paid
            FROM fayxzvov_reginas.order_payments pp
            INNER JOIN fayxzvov_reginas.`order` o ON pp.order_id = o.id
            WHERE DATE(o.date_creation) = ? AND o.subsidiaries_id = ?
              AND DATE(pp.date_pay) = ?
              AND COALESCE(pp.subsidiaries_id, o.subsidiaries_id) = ?
              AND o.status != 4 AND o.is_legacy = 0
            GROUP BY pp.method_pay_id
        
[ ERROR READ] :: SQLSTATE[HY093]: Invalid parameter number: number of bound variables does not match number of tokens


[ 2026-07-11 08:51:38 ]
[ UNIX_USR ] :: nt authority\system
[ WINDOWS_USR ] :: DESKTOP-O7AOGR9$
[ INFO ] ::  
            SELECT 
                p.name,
                SUM(od.quantity) as quantity,
                SUM(od.quantity * od.price) as total
            FROM fayxzvov_reginas.order_details od
            INNER JOIN fayxzvov_reginas.order_products p ON od.product_id = p.id
            INNER JOIN fayxzvov_reginas.order o ON od.order_id = o.id
            WHERE DATE(o.date_creation) BETWEEN ? AND ? AND o.status != 4 AND o.subsidiaries_id = ?
            GROUP BY p.id, p.name
            ORDER BY quantity DESC
            LIMIT 100
        
[ ERROR READ] :: SQLSTATE[42S02]: Base table or view not found: 1146 Table 'fayxzvov_reginas.order_details' doesn't exist


[ 2026-07-11 08:51:18 ]
[ UNIX_USR ] :: nt authority\system
[ WINDOWS_USR ] :: DESKTOP-O7AOGR9$
[ INFO ] ::  
            SELECT 
                p.name,
                SUM(od.quantity) as quantity,
                SUM(od.quantity * od.price) as total
            FROM fayxzvov_reginas.order_details od
            INNER JOIN fayxzvov_reginas.order_products p ON od.product_id = p.id
            INNER JOIN fayxzvov_reginas.order o ON od.order_id = o.id
            WHERE DATE(o.date_creation) BETWEEN ? AND ? AND o.status != 4 AND o.subsidiaries_id = ?
            GROUP BY p.id, p.name
            ORDER BY quantity DESC
            LIMIT 100
        
[ ERROR READ] :: SQLSTATE[42S02]: Base table or view not found: 1146 Table 'fayxzvov_reginas.order_details' doesn't exist


