[ 2026-03-23 13:22:14 ]
[ UNIX_USR ] :: nt authority\system
[ WINDOWS_USR ] :: DESKTOP-FHJB2CN$
[ INFO ] ::  
            SELECT
                o.id as folio_cuenta,
                o.date_creation as fecha,
                c.name as cuenta,
                o.order_type,
                COALESCE(o.discount, 0) as descuento_importe,
                COALESCE(SUM(pp.tip), 0) as propina,
                COALESCE(o.total_pay, 0) as importe,
                COALESCE(SUM(CASE WHEN pp.method_pay_id = 1 THEN pp.pay ELSE 0 END), 0) as efectivo,
                COALESCE(SUM(CASE WHEN pp.method_pay_id = 2 THEN pp.pay ELSE 0 END), 0) as tarjeta,
                COALESCE(SUM(CASE WHEN pp.method_pay_id = 3 THEN pp.pay ELSE 0 END), 0) as transferencia,
                o.status
            FROM fayxzvov_reginas.`order` o
            LEFT JOIN fayxzvov_reginas.order_clients c ON o.client_id = c.id
            LEFT JOIN fayxzvov_reginas.order_payments pp ON pp.order_id = o.id
            WHERE DATE(o.date_creation) BETWEEN ? AND ?
            AND (o.subsidiaries_id = ? OR ? = '0')
            GROUP BY o.id
            ORDER BY o.id ASC
        
[ ERROR READ] :: SQLSTATE[42S22]: Column not found: 1054 Unknown column 'pp.tip' in 'field list'


[ 2026-03-23 13:21:56 ]
[ UNIX_USR ] :: nt authority\system
[ WINDOWS_USR ] :: DESKTOP-FHJB2CN$
[ INFO ] ::  
            SELECT
                o.id as folio_cuenta,
                o.date_creation as fecha,
                c.name as cuenta,
                o.order_type,
                COALESCE(o.discount, 0) as descuento_importe,
                COALESCE(SUM(pp.tip), 0) as propina,
                COALESCE(o.total_pay, 0) as importe,
                COALESCE(SUM(CASE WHEN pp.method_pay_id = 1 THEN pp.pay ELSE 0 END), 0) as efectivo,
                COALESCE(SUM(CASE WHEN pp.method_pay_id = 2 THEN pp.pay ELSE 0 END), 0) as tarjeta,
                COALESCE(SUM(CASE WHEN pp.method_pay_id = 3 THEN pp.pay ELSE 0 END), 0) as transferencia,
                o.status
            FROM fayxzvov_reginas.`order` o
            LEFT JOIN fayxzvov_reginas.order_clients c ON o.client_id = c.id
            LEFT JOIN fayxzvov_reginas.order_payments pp ON pp.order_id = o.id
            WHERE DATE(o.date_creation) BETWEEN ? AND ?
            AND (o.subsidiaries_id = ? OR ? = '0')
            GROUP BY o.id
            ORDER BY o.id ASC
        
[ ERROR READ] :: SQLSTATE[42S22]: Column not found: 1054 Unknown column 'pp.tip' in 'field list'


[ 2026-03-23 13:21:55 ]
[ UNIX_USR ] :: nt authority\system
[ WINDOWS_USR ] :: DESKTOP-FHJB2CN$
[ INFO ] ::  
            SELECT
                o.id as folio_cuenta,
                o.date_creation as fecha,
                c.name as cuenta,
                o.order_type,
                COALESCE(o.discount, 0) as descuento_importe,
                COALESCE(SUM(pp.tip), 0) as propina,
                COALESCE(o.total_pay, 0) as importe,
                COALESCE(SUM(CASE WHEN pp.method_pay_id = 1 THEN pp.pay ELSE 0 END), 0) as efectivo,
                COALESCE(SUM(CASE WHEN pp.method_pay_id = 2 THEN pp.pay ELSE 0 END), 0) as tarjeta,
                COALESCE(SUM(CASE WHEN pp.method_pay_id = 3 THEN pp.pay ELSE 0 END), 0) as transferencia,
                o.status
            FROM fayxzvov_reginas.`order` o
            LEFT JOIN fayxzvov_reginas.order_clients c ON o.client_id = c.id
            LEFT JOIN fayxzvov_reginas.order_payments pp ON pp.order_id = o.id
            WHERE DATE(o.date_creation) BETWEEN ? AND ?
            AND (o.subsidiaries_id = ? OR ? = '0')
            GROUP BY o.id
            ORDER BY o.id ASC
        
[ ERROR READ] :: SQLSTATE[42S22]: Column not found: 1054 Unknown column 'pp.tip' in 'field list'


[ 2026-03-23 13:21:54 ]
[ UNIX_USR ] :: nt authority\system
[ WINDOWS_USR ] :: DESKTOP-FHJB2CN$
[ INFO ] ::  
            SELECT
                o.id as folio_cuenta,
                o.date_creation as fecha,
                c.name as cuenta,
                o.order_type,
                COALESCE(o.discount, 0) as descuento_importe,
                COALESCE(SUM(pp.tip), 0) as propina,
                COALESCE(o.total_pay, 0) as importe,
                COALESCE(SUM(CASE WHEN pp.method_pay_id = 1 THEN pp.pay ELSE 0 END), 0) as efectivo,
                COALESCE(SUM(CASE WHEN pp.method_pay_id = 2 THEN pp.pay ELSE 0 END), 0) as tarjeta,
                COALESCE(SUM(CASE WHEN pp.method_pay_id = 3 THEN pp.pay ELSE 0 END), 0) as transferencia,
                o.status
            FROM fayxzvov_reginas.`order` o
            LEFT JOIN fayxzvov_reginas.order_clients c ON o.client_id = c.id
            LEFT JOIN fayxzvov_reginas.order_payments pp ON pp.order_id = o.id
            WHERE DATE(o.date_creation) BETWEEN ? AND ?
            AND (o.subsidiaries_id = ? OR ? = '0')
            GROUP BY o.id
            ORDER BY o.id ASC
        
[ ERROR READ] :: SQLSTATE[42S22]: Column not found: 1054 Unknown column 'pp.tip' in 'field list'


[ 2026-03-23 13:21:53 ]
[ UNIX_USR ] :: nt authority\system
[ WINDOWS_USR ] :: DESKTOP-FHJB2CN$
[ INFO ] ::  
            SELECT
                cs.id, cs.shift_name, cs.opened_at, cs.closed_at,
                cs.opening_amount, cs.total_sales, cs.total_cash,
                cs.total_card, cs.total_transfer, cs.total_orders,
                cs.closing_cash_counted, cs.cash_difference,
                cs.total_discount, cs.total_cancelled, cs.total_tips,
                cs.folio_z, cs.status,
                u.fullname as employee_name
            FROM fayxzvov_reginas.cash_shift cs
            LEFT JOIN fayxzvov_alpha.usr_users u ON u.id = cs.employee_id
            WHERE (cs.subsidiary_id = ? OR ? = '0')
            AND DATE(cs.opened_at) BETWEEN ? AND ?
            ORDER BY cs.opened_at DESC
        
[ ERROR READ] :: SQLSTATE[42S22]: Column not found: 1054 Unknown column 'cs.total_cash' in 'field list'


[ 2026-03-23 13:21:52 ]
[ UNIX_USR ] :: nt authority\system
[ WINDOWS_USR ] :: DESKTOP-FHJB2CN$
[ INFO ] ::  
            SELECT
                o.id as folio_cuenta,
                o.date_creation as fecha,
                c.name as cuenta,
                o.order_type,
                COALESCE(o.discount, 0) as descuento_importe,
                COALESCE(SUM(pp.tip), 0) as propina,
                COALESCE(o.total_pay, 0) as importe,
                COALESCE(SUM(CASE WHEN pp.method_pay_id = 1 THEN pp.pay ELSE 0 END), 0) as efectivo,
                COALESCE(SUM(CASE WHEN pp.method_pay_id = 2 THEN pp.pay ELSE 0 END), 0) as tarjeta,
                COALESCE(SUM(CASE WHEN pp.method_pay_id = 3 THEN pp.pay ELSE 0 END), 0) as transferencia,
                o.status
            FROM fayxzvov_reginas.`order` o
            LEFT JOIN fayxzvov_reginas.order_clients c ON o.client_id = c.id
            LEFT JOIN fayxzvov_reginas.order_payments pp ON pp.order_id = o.id
            WHERE DATE(o.date_creation) BETWEEN ? AND ?
            AND (o.subsidiaries_id = ? OR ? = '0')
            GROUP BY o.id
            ORDER BY o.id ASC
        
[ ERROR READ] :: SQLSTATE[42S22]: Column not found: 1054 Unknown column 'pp.tip' in 'field list'


[ 2026-03-23 13:19:42 ]
[ UNIX_USR ] :: nt authority\system
[ WINDOWS_USR ] :: DESKTOP-FHJB2CN$
[ INFO ] ::  
            SELECT
                o.id as folio_cuenta,
                o.folio_ticket as folio_nota,
                o.date_creation as fecha,
                c.name as cuenta,
                o.order_type,
                COALESCE(o.discount, 0) as descuento_importe,
                COALESCE(SUM(pp.tip), 0) as propina,
                COALESCE(o.total_pay, 0) as importe,
                COALESCE(SUM(CASE WHEN pp.method_pay_id = 1 THEN pp.pay ELSE 0 END), 0) as efectivo,
                COALESCE(SUM(CASE WHEN pp.method_pay_id = 2 THEN pp.pay ELSE 0 END), 0) as tarjeta,
                COALESCE(SUM(CASE WHEN pp.method_pay_id = 3 THEN pp.pay ELSE 0 END), 0) as transferencia,
                o.status
            FROM fayxzvov_reginas.`order` o
            LEFT JOIN fayxzvov_reginas.order_clients c ON o.client_id = c.id
            LEFT JOIN fayxzvov_reginas.order_payments pp ON pp.order_id = o.id
            WHERE DATE(o.date_creation) BETWEEN ? AND ?
            AND (o.subsidiaries_id = ? OR ? = '0')
            GROUP BY o.id
            ORDER BY o.id ASC
        
[ ERROR READ] :: SQLSTATE[42S22]: Column not found: 1054 Unknown column 'o.folio_ticket' in 'field list'


[ 2026-03-23 13:19:42 ]
[ UNIX_USR ] :: nt authority\system
[ WINDOWS_USR ] :: DESKTOP-FHJB2CN$
[ INFO ] ::  
            SELECT
                o.id as folio_cuenta,
                o.folio_ticket as folio_nota,
                o.date_creation as fecha,
                c.name as cuenta,
                o.order_type,
                COALESCE(o.discount, 0) as descuento_importe,
                COALESCE(SUM(pp.tip), 0) as propina,
                COALESCE(o.total_pay, 0) as importe,
                COALESCE(SUM(CASE WHEN pp.method_pay_id = 1 THEN pp.pay ELSE 0 END), 0) as efectivo,
                COALESCE(SUM(CASE WHEN pp.method_pay_id = 2 THEN pp.pay ELSE 0 END), 0) as tarjeta,
                COALESCE(SUM(CASE WHEN pp.method_pay_id = 3 THEN pp.pay ELSE 0 END), 0) as transferencia,
                o.status
            FROM fayxzvov_reginas.`order` o
            LEFT JOIN fayxzvov_reginas.order_clients c ON o.client_id = c.id
            LEFT JOIN fayxzvov_reginas.order_payments pp ON pp.order_id = o.id
            WHERE DATE(o.date_creation) BETWEEN ? AND ?
            AND (o.subsidiaries_id = ? OR ? = '0')
            GROUP BY o.id
            ORDER BY o.id ASC
        
[ ERROR READ] :: SQLSTATE[42S22]: Column not found: 1054 Unknown column 'o.folio_ticket' in 'field list'


[ 2026-03-23 13:19:42 ]
[ UNIX_USR ] :: nt authority\system
[ WINDOWS_USR ] :: DESKTOP-FHJB2CN$
[ INFO ] ::  
            SELECT
                o.id as folio_cuenta,
                o.folio_ticket as folio_nota,
                o.date_creation as fecha,
                c.name as cuenta,
                o.order_type,
                COALESCE(o.discount, 0) as descuento_importe,
                COALESCE(SUM(pp.tip), 0) as propina,
                COALESCE(o.total_pay, 0) as importe,
                COALESCE(SUM(CASE WHEN pp.method_pay_id = 1 THEN pp.pay ELSE 0 END), 0) as efectivo,
                COALESCE(SUM(CASE WHEN pp.method_pay_id = 2 THEN pp.pay ELSE 0 END), 0) as tarjeta,
                COALESCE(SUM(CASE WHEN pp.method_pay_id = 3 THEN pp.pay ELSE 0 END), 0) as transferencia,
                o.status
            FROM fayxzvov_reginas.`order` o
            LEFT JOIN fayxzvov_reginas.order_clients c ON o.client_id = c.id
            LEFT JOIN fayxzvov_reginas.order_payments pp ON pp.order_id = o.id
            WHERE DATE(o.date_creation) BETWEEN ? AND ?
            AND (o.subsidiaries_id = ? OR ? = '0')
            GROUP BY o.id
            ORDER BY o.id ASC
        
[ ERROR READ] :: SQLSTATE[42S22]: Column not found: 1054 Unknown column 'o.folio_ticket' in 'field list'


[ 2026-03-23 13:19:42 ]
[ UNIX_USR ] :: nt authority\system
[ WINDOWS_USR ] :: DESKTOP-FHJB2CN$
[ INFO ] ::  
            SELECT
                o.id as folio_cuenta,
                o.folio_ticket as folio_nota,
                o.date_creation as fecha,
                c.name as cuenta,
                o.order_type,
                COALESCE(o.discount, 0) as descuento_importe,
                COALESCE(SUM(pp.tip), 0) as propina,
                COALESCE(o.total_pay, 0) as importe,
                COALESCE(SUM(CASE WHEN pp.method_pay_id = 1 THEN pp.pay ELSE 0 END), 0) as efectivo,
                COALESCE(SUM(CASE WHEN pp.method_pay_id = 2 THEN pp.pay ELSE 0 END), 0) as tarjeta,
                COALESCE(SUM(CASE WHEN pp.method_pay_id = 3 THEN pp.pay ELSE 0 END), 0) as transferencia,
                o.status
            FROM fayxzvov_reginas.`order` o
            LEFT JOIN fayxzvov_reginas.order_clients c ON o.client_id = c.id
            LEFT JOIN fayxzvov_reginas.order_payments pp ON pp.order_id = o.id
            WHERE DATE(o.date_creation) BETWEEN ? AND ?
            AND (o.subsidiaries_id = ? OR ? = '0')
            GROUP BY o.id
            ORDER BY o.id ASC
        
[ ERROR READ] :: SQLSTATE[42S22]: Column not found: 1054 Unknown column 'o.folio_ticket' in 'field list'


[ 2026-03-23 13:19:42 ]
[ UNIX_USR ] :: nt authority\system
[ WINDOWS_USR ] :: DESKTOP-FHJB2CN$
[ INFO ] ::  
            SELECT
                o.id as folio_cuenta,
                o.folio_ticket as folio_nota,
                o.date_creation as fecha,
                c.name as cuenta,
                o.order_type,
                COALESCE(o.discount, 0) as descuento_importe,
                COALESCE(SUM(pp.tip), 0) as propina,
                COALESCE(o.total_pay, 0) as importe,
                COALESCE(SUM(CASE WHEN pp.method_pay_id = 1 THEN pp.pay ELSE 0 END), 0) as efectivo,
                COALESCE(SUM(CASE WHEN pp.method_pay_id = 2 THEN pp.pay ELSE 0 END), 0) as tarjeta,
                COALESCE(SUM(CASE WHEN pp.method_pay_id = 3 THEN pp.pay ELSE 0 END), 0) as transferencia,
                o.status
            FROM fayxzvov_reginas.`order` o
            LEFT JOIN fayxzvov_reginas.order_clients c ON o.client_id = c.id
            LEFT JOIN fayxzvov_reginas.order_payments pp ON pp.order_id = o.id
            WHERE DATE(o.date_creation) BETWEEN ? AND ?
            AND (o.subsidiaries_id = ? OR ? = '0')
            GROUP BY o.id
            ORDER BY o.id ASC
        
[ ERROR READ] :: SQLSTATE[42S22]: Column not found: 1054 Unknown column 'o.folio_ticket' in 'field list'


[ 2026-03-23 13:19:41 ]
[ UNIX_USR ] :: nt authority\system
[ WINDOWS_USR ] :: DESKTOP-FHJB2CN$
[ INFO ] ::  
            SELECT
                o.id as folio_cuenta,
                o.folio_ticket as folio_nota,
                o.date_creation as fecha,
                c.name as cuenta,
                o.order_type,
                COALESCE(o.discount, 0) as descuento_importe,
                COALESCE(SUM(pp.tip), 0) as propina,
                COALESCE(o.total_pay, 0) as importe,
                COALESCE(SUM(CASE WHEN pp.method_pay_id = 1 THEN pp.pay ELSE 0 END), 0) as efectivo,
                COALESCE(SUM(CASE WHEN pp.method_pay_id = 2 THEN pp.pay ELSE 0 END), 0) as tarjeta,
                COALESCE(SUM(CASE WHEN pp.method_pay_id = 3 THEN pp.pay ELSE 0 END), 0) as transferencia,
                o.status
            FROM fayxzvov_reginas.`order` o
            LEFT JOIN fayxzvov_reginas.order_clients c ON o.client_id = c.id
            LEFT JOIN fayxzvov_reginas.order_payments pp ON pp.order_id = o.id
            WHERE DATE(o.date_creation) BETWEEN ? AND ?
            AND (o.subsidiaries_id = ? OR ? = '0')
            GROUP BY o.id
            ORDER BY o.id ASC
        
[ ERROR READ] :: SQLSTATE[42S22]: Column not found: 1054 Unknown column 'o.folio_ticket' in 'field list'


[ 2026-03-23 13:19:40 ]
[ UNIX_USR ] :: nt authority\system
[ WINDOWS_USR ] :: DESKTOP-FHJB2CN$
[ INFO ] ::  
            SELECT
                cs.id, cs.shift_name, cs.opened_at, cs.closed_at,
                cs.opening_amount, cs.total_sales, cs.total_cash,
                cs.total_card, cs.total_transfer, cs.total_orders,
                cs.closing_cash_counted, cs.cash_difference,
                cs.total_discount, cs.total_cancelled, cs.total_tips,
                cs.folio_z, cs.status,
                u.fullname as employee_name
            FROM fayxzvov_reginas.cash_shift cs
            LEFT JOIN fayxzvov_alpha.usr_users u ON u.id = cs.employee_id
            WHERE (cs.subsidiary_id = ? OR ? = '0')
            AND DATE(cs.opened_at) BETWEEN ? AND ?
            ORDER BY cs.opened_at DESC
        
[ ERROR READ] :: SQLSTATE[42S22]: Column not found: 1054 Unknown column 'cs.total_cash' in 'field list'


[ 2026-03-23 13:19:39 ]
[ UNIX_USR ] :: nt authority\system
[ WINDOWS_USR ] :: DESKTOP-FHJB2CN$
[ INFO ] ::  
            SELECT
                cs.id, cs.shift_name, cs.opened_at, cs.closed_at,
                cs.opening_amount, cs.total_sales, cs.total_cash,
                cs.total_card, cs.total_transfer, cs.total_orders,
                cs.closing_cash_counted, cs.cash_difference,
                cs.total_discount, cs.total_cancelled, cs.total_tips,
                cs.folio_z, cs.status,
                u.fullname as employee_name
            FROM fayxzvov_reginas.cash_shift cs
            LEFT JOIN fayxzvov_alpha.usr_users u ON u.id = cs.employee_id
            WHERE (cs.subsidiary_id = ? OR ? = '0')
            AND DATE(cs.opened_at) BETWEEN ? AND ?
            ORDER BY cs.opened_at DESC
        
[ ERROR READ] :: SQLSTATE[42S22]: Column not found: 1054 Unknown column 'cs.total_cash' in 'field list'


[ 2026-03-23 13:19:36 ]
[ UNIX_USR ] :: nt authority\system
[ WINDOWS_USR ] :: DESKTOP-FHJB2CN$
[ INFO ] ::  
            SELECT
                cs.id, cs.shift_name, cs.opened_at, cs.closed_at,
                cs.opening_amount, cs.total_sales, cs.total_cash,
                cs.total_card, cs.total_transfer, cs.total_orders,
                cs.closing_cash_counted, cs.cash_difference,
                cs.total_discount, cs.total_cancelled, cs.total_tips,
                cs.folio_z, cs.status,
                u.fullname as employee_name
            FROM fayxzvov_reginas.cash_shift cs
            LEFT JOIN fayxzvov_alpha.usr_users u ON u.id = cs.employee_id
            WHERE (cs.subsidiary_id = ? OR ? = '0')
            AND DATE(cs.opened_at) BETWEEN ? AND ?
            ORDER BY cs.opened_at DESC
        
[ ERROR READ] :: SQLSTATE[42S22]: Column not found: 1054 Unknown column 'cs.total_cash' in 'field list'


[ 2026-03-23 13:19:35 ]
[ UNIX_USR ] :: nt authority\system
[ WINDOWS_USR ] :: DESKTOP-FHJB2CN$
[ INFO ] ::  
            SELECT
                o.id as folio_cuenta,
                o.folio_ticket as folio_nota,
                o.date_creation as fecha,
                c.name as cuenta,
                o.order_type,
                COALESCE(o.discount, 0) as descuento_importe,
                COALESCE(SUM(pp.tip), 0) as propina,
                COALESCE(o.total_pay, 0) as importe,
                COALESCE(SUM(CASE WHEN pp.method_pay_id = 1 THEN pp.pay ELSE 0 END), 0) as efectivo,
                COALESCE(SUM(CASE WHEN pp.method_pay_id = 2 THEN pp.pay ELSE 0 END), 0) as tarjeta,
                COALESCE(SUM(CASE WHEN pp.method_pay_id = 3 THEN pp.pay ELSE 0 END), 0) as transferencia,
                o.status
            FROM fayxzvov_reginas.`order` o
            LEFT JOIN fayxzvov_reginas.order_clients c ON o.client_id = c.id
            LEFT JOIN fayxzvov_reginas.order_payments pp ON pp.order_id = o.id
            WHERE DATE(o.date_creation) BETWEEN ? AND ?
            AND (o.subsidiaries_id = ? OR ? = '0')
            GROUP BY o.id
            ORDER BY o.id ASC
        
[ ERROR READ] :: SQLSTATE[42S22]: Column not found: 1054 Unknown column 'o.folio_ticket' in 'field list'


[ 2026-03-23 13:19:30 ]
[ UNIX_USR ] :: nt authority\system
[ WINDOWS_USR ] :: DESKTOP-FHJB2CN$
[ INFO ] ::  
            SELECT
                o.id as folio_cuenta,
                o.folio_ticket as folio_nota,
                o.date_creation as fecha,
                c.name as cuenta,
                o.order_type,
                COALESCE(o.discount, 0) as descuento_importe,
                COALESCE(SUM(pp.tip), 0) as propina,
                COALESCE(o.total_pay, 0) as importe,
                COALESCE(SUM(CASE WHEN pp.method_pay_id = 1 THEN pp.pay ELSE 0 END), 0) as efectivo,
                COALESCE(SUM(CASE WHEN pp.method_pay_id = 2 THEN pp.pay ELSE 0 END), 0) as tarjeta,
                COALESCE(SUM(CASE WHEN pp.method_pay_id = 3 THEN pp.pay ELSE 0 END), 0) as transferencia,
                o.status
            FROM fayxzvov_reginas.`order` o
            LEFT JOIN fayxzvov_reginas.order_clients c ON o.client_id = c.id
            LEFT JOIN fayxzvov_reginas.order_payments pp ON pp.order_id = o.id
            WHERE DATE(o.date_creation) BETWEEN ? AND ?
            AND (o.subsidiaries_id = ? OR ? = '0')
            GROUP BY o.id
            ORDER BY o.id ASC
        
[ ERROR READ] :: SQLSTATE[42S22]: Column not found: 1054 Unknown column 'o.folio_ticket' in 'field list'


[ 2026-03-23 13:19:29 ]
[ UNIX_USR ] :: nt authority\system
[ WINDOWS_USR ] :: DESKTOP-FHJB2CN$
[ INFO ] ::  
            SELECT
                cs.id, cs.shift_name, cs.opened_at, cs.closed_at,
                cs.opening_amount, cs.total_sales, cs.total_cash,
                cs.total_card, cs.total_transfer, cs.total_orders,
                cs.closing_cash_counted, cs.cash_difference,
                cs.total_discount, cs.total_cancelled, cs.total_tips,
                cs.folio_z, cs.status,
                u.fullname as employee_name
            FROM fayxzvov_reginas.cash_shift cs
            LEFT JOIN fayxzvov_alpha.usr_users u ON u.id = cs.employee_id
            WHERE (cs.subsidiary_id = ? OR ? = '0')
            AND DATE(cs.opened_at) BETWEEN ? AND ?
            ORDER BY cs.opened_at DESC
        
[ ERROR READ] :: SQLSTATE[42S22]: Column not found: 1054 Unknown column 'cs.total_cash' in 'field list'


[ 2026-03-23 13:19:28 ]
[ UNIX_USR ] :: nt authority\system
[ WINDOWS_USR ] :: DESKTOP-FHJB2CN$
[ INFO ] ::  
            SELECT
                o.id as folio_cuenta,
                o.folio_ticket as folio_nota,
                o.date_creation as fecha,
                c.name as cuenta,
                o.order_type,
                COALESCE(o.discount, 0) as descuento_importe,
                COALESCE(SUM(pp.tip), 0) as propina,
                COALESCE(o.total_pay, 0) as importe,
                COALESCE(SUM(CASE WHEN pp.method_pay_id = 1 THEN pp.pay ELSE 0 END), 0) as efectivo,
                COALESCE(SUM(CASE WHEN pp.method_pay_id = 2 THEN pp.pay ELSE 0 END), 0) as tarjeta,
                COALESCE(SUM(CASE WHEN pp.method_pay_id = 3 THEN pp.pay ELSE 0 END), 0) as transferencia,
                o.status
            FROM fayxzvov_reginas.`order` o
            LEFT JOIN fayxzvov_reginas.order_clients c ON o.client_id = c.id
            LEFT JOIN fayxzvov_reginas.order_payments pp ON pp.order_id = o.id
            WHERE DATE(o.date_creation) BETWEEN ? AND ?
            AND (o.subsidiaries_id = ? OR ? = '0')
            GROUP BY o.id
            ORDER BY o.id ASC
        
[ ERROR READ] :: SQLSTATE[42S22]: Column not found: 1054 Unknown column 'o.folio_ticket' in 'field list'


[ 2026-03-23 13:19:27 ]
[ UNIX_USR ] :: nt authority\system
[ WINDOWS_USR ] :: DESKTOP-FHJB2CN$
[ INFO ] ::  
            SELECT
                o.id as folio_cuenta,
                o.folio_ticket as folio_nota,
                o.date_creation as fecha,
                c.name as cuenta,
                o.order_type,
                COALESCE(o.discount, 0) as descuento_importe,
                COALESCE(SUM(pp.tip), 0) as propina,
                COALESCE(o.total_pay, 0) as importe,
                COALESCE(SUM(CASE WHEN pp.method_pay_id = 1 THEN pp.pay ELSE 0 END), 0) as efectivo,
                COALESCE(SUM(CASE WHEN pp.method_pay_id = 2 THEN pp.pay ELSE 0 END), 0) as tarjeta,
                COALESCE(SUM(CASE WHEN pp.method_pay_id = 3 THEN pp.pay ELSE 0 END), 0) as transferencia,
                o.status
            FROM fayxzvov_reginas.`order` o
            LEFT JOIN fayxzvov_reginas.order_clients c ON o.client_id = c.id
            LEFT JOIN fayxzvov_reginas.order_payments pp ON pp.order_id = o.id
            WHERE DATE(o.date_creation) BETWEEN ? AND ?
            AND (o.subsidiaries_id = ? OR ? = '0')
            GROUP BY o.id
            ORDER BY o.id ASC
        
[ ERROR READ] :: SQLSTATE[42S22]: Column not found: 1054 Unknown column 'o.folio_ticket' in 'field list'


[ 2026-03-23 13:19:25 ]
[ UNIX_USR ] :: nt authority\system
[ WINDOWS_USR ] :: DESKTOP-FHJB2CN$
[ INFO ] ::  
            SELECT
                o.id as folio_cuenta,
                o.folio_ticket as folio_nota,
                o.date_creation as fecha,
                c.name as cuenta,
                o.order_type,
                COALESCE(o.discount, 0) as descuento_importe,
                COALESCE(SUM(pp.tip), 0) as propina,
                COALESCE(o.total_pay, 0) as importe,
                COALESCE(SUM(CASE WHEN pp.method_pay_id = 1 THEN pp.pay ELSE 0 END), 0) as efectivo,
                COALESCE(SUM(CASE WHEN pp.method_pay_id = 2 THEN pp.pay ELSE 0 END), 0) as tarjeta,
                COALESCE(SUM(CASE WHEN pp.method_pay_id = 3 THEN pp.pay ELSE 0 END), 0) as transferencia,
                o.status
            FROM fayxzvov_reginas.`order` o
            LEFT JOIN fayxzvov_reginas.order_clients c ON o.client_id = c.id
            LEFT JOIN fayxzvov_reginas.order_payments pp ON pp.order_id = o.id
            WHERE DATE(o.date_creation) BETWEEN ? AND ?
            AND (o.subsidiaries_id = ? OR ? = '0')
            GROUP BY o.id
            ORDER BY o.id ASC
        
[ ERROR READ] :: SQLSTATE[42S22]: Column not found: 1054 Unknown column 'o.folio_ticket' in 'field list'


[ 2026-03-23 13:18:29 ]
[ UNIX_USR ] :: nt authority\system
[ WINDOWS_USR ] :: DESKTOP-FHJB2CN$
[ INFO ] ::  
            SELECT
                o.id as folio_cuenta,
                o.folio_ticket as folio_nota,
                o.date_creation as fecha,
                c.name as cuenta,
                o.order_type,
                COALESCE(o.discount, 0) as descuento_importe,
                COALESCE(SUM(pp.tip), 0) as propina,
                COALESCE(o.total_pay, 0) as importe,
                COALESCE(SUM(CASE WHEN pp.method_pay_id = 1 THEN pp.pay ELSE 0 END), 0) as efectivo,
                COALESCE(SUM(CASE WHEN pp.method_pay_id = 2 THEN pp.pay ELSE 0 END), 0) as tarjeta,
                COALESCE(SUM(CASE WHEN pp.method_pay_id = 3 THEN pp.pay ELSE 0 END), 0) as transferencia,
                o.status
            FROM fayxzvov_reginas.`order` o
            LEFT JOIN fayxzvov_reginas.order_clients c ON o.client_id = c.id
            LEFT JOIN fayxzvov_reginas.order_payments pp ON pp.order_id = o.id
            WHERE DATE(o.date_creation) BETWEEN ? AND ?
            AND (o.subsidiaries_id = ? OR ? = '0')
            GROUP BY o.id
            ORDER BY o.id ASC
        
[ ERROR READ] :: SQLSTATE[HY093]: Invalid parameter number: number of bound variables does not match number of tokens


[ 2026-03-23 13:18:28 ]
[ UNIX_USR ] :: nt authority\system
[ WINDOWS_USR ] :: DESKTOP-FHJB2CN$
[ INFO ] ::  
            SELECT
                o.id as folio_cuenta,
                o.folio_ticket as folio_nota,
                o.date_creation as fecha,
                c.name as cuenta,
                o.order_type,
                COALESCE(o.discount, 0) as descuento_importe,
                COALESCE(SUM(pp.tip), 0) as propina,
                COALESCE(o.total_pay, 0) as importe,
                COALESCE(SUM(CASE WHEN pp.method_pay_id = 1 THEN pp.pay ELSE 0 END), 0) as efectivo,
                COALESCE(SUM(CASE WHEN pp.method_pay_id = 2 THEN pp.pay ELSE 0 END), 0) as tarjeta,
                COALESCE(SUM(CASE WHEN pp.method_pay_id = 3 THEN pp.pay ELSE 0 END), 0) as transferencia,
                o.status
            FROM fayxzvov_reginas.`order` o
            LEFT JOIN fayxzvov_reginas.order_clients c ON o.client_id = c.id
            LEFT JOIN fayxzvov_reginas.order_payments pp ON pp.order_id = o.id
            WHERE DATE(o.date_creation) BETWEEN ? AND ?
            AND (o.subsidiaries_id = ? OR ? = '0')
            GROUP BY o.id
            ORDER BY o.id ASC
        
[ ERROR READ] :: SQLSTATE[HY093]: Invalid parameter number: number of bound variables does not match number of tokens


[ 2026-03-23 13:18:26 ]
[ UNIX_USR ] :: nt authority\system
[ WINDOWS_USR ] :: DESKTOP-FHJB2CN$
[ INFO ] ::  
            SELECT
                o.id as folio_cuenta,
                o.folio_ticket as folio_nota,
                o.date_creation as fecha,
                c.name as cuenta,
                o.order_type,
                COALESCE(o.discount, 0) as descuento_importe,
                COALESCE(SUM(pp.tip), 0) as propina,
                COALESCE(o.total_pay, 0) as importe,
                COALESCE(SUM(CASE WHEN pp.method_pay_id = 1 THEN pp.pay ELSE 0 END), 0) as efectivo,
                COALESCE(SUM(CASE WHEN pp.method_pay_id = 2 THEN pp.pay ELSE 0 END), 0) as tarjeta,
                COALESCE(SUM(CASE WHEN pp.method_pay_id = 3 THEN pp.pay ELSE 0 END), 0) as transferencia,
                o.status
            FROM fayxzvov_reginas.`order` o
            LEFT JOIN fayxzvov_reginas.order_clients c ON o.client_id = c.id
            LEFT JOIN fayxzvov_reginas.order_payments pp ON pp.order_id = o.id
            WHERE DATE(o.date_creation) BETWEEN ? AND ?
            AND (o.subsidiaries_id = ? OR ? = '0')
            GROUP BY o.id
            ORDER BY o.id ASC
        
[ ERROR READ] :: SQLSTATE[HY093]: Invalid parameter number: number of bound variables does not match number of tokens


[ 2026-03-23 13:17:09 ]
[ UNIX_USR ] :: nt authority\system
[ WINDOWS_USR ] :: DESKTOP-FHJB2CN$
[ INFO ] ::  
            SELECT
                o.id as folio_cuenta,
                o.folio_ticket as folio_nota,
                o.date_creation as fecha,
                c.name as cuenta,
                o.order_type,
                COALESCE(o.discount, 0) as descuento_importe,
                COALESCE(SUM(pp.tip), 0) as propina,
                COALESCE(o.total_pay, 0) as importe,
                COALESCE(SUM(CASE WHEN pp.method_pay_id = 1 THEN pp.pay ELSE 0 END), 0) as efectivo,
                COALESCE(SUM(CASE WHEN pp.method_pay_id = 2 THEN pp.pay ELSE 0 END), 0) as tarjeta,
                COALESCE(SUM(CASE WHEN pp.method_pay_id = 3 THEN pp.pay ELSE 0 END), 0) as transferencia,
                o.status
            FROM fayxzvov_reginas.`order` o
            LEFT JOIN fayxzvov_reginas.order_clients c ON o.client_id = c.id
            LEFT JOIN fayxzvov_reginas.order_payments pp ON pp.order_id = o.id
            WHERE DATE(o.date_creation) BETWEEN ? AND ?
            AND o.subsidiaries_id = ?
            GROUP BY o.id
            ORDER BY o.id ASC
        
[ ERROR READ] :: SQLSTATE[42S22]: Column not found: 1054 Unknown column 'o.folio_ticket' in 'field list'


[ 2026-03-23 13:16:47 ]
[ UNIX_USR ] :: nt authority\system
[ WINDOWS_USR ] :: DESKTOP-FHJB2CN$
[ INFO ] ::  
            SELECT
                cs.id, cs.shift_name, cs.opened_at, cs.closed_at,
                cs.opening_amount, cs.total_sales, cs.total_cash,
                cs.total_card, cs.total_transfer, cs.total_orders,
                cs.closing_cash_counted, cs.cash_difference,
                cs.total_discount, cs.total_cancelled, cs.total_tips,
                cs.folio_z, cs.status,
                u.fullname as employee_name
            FROM fayxzvov_reginas.cash_shift cs
            LEFT JOIN fayxzvov_alpha.usr_users u ON u.id = cs.employee_id
            WHERE cs.subsidiary_id = ?
            AND DATE(cs.opened_at) BETWEEN ? AND ?
            ORDER BY cs.opened_at DESC
        
[ ERROR READ] :: SQLSTATE[42S22]: Column not found: 1054 Unknown column 'cs.total_cash' in 'field list'


[ 2026-03-23 13:16:46 ]
[ UNIX_USR ] :: nt authority\system
[ WINDOWS_USR ] :: DESKTOP-FHJB2CN$
[ INFO ] ::  
            SELECT
                o.id as folio_cuenta,
                o.folio_ticket as folio_nota,
                o.date_creation as fecha,
                c.name as cuenta,
                o.order_type,
                COALESCE(o.discount, 0) as descuento_importe,
                COALESCE(SUM(pp.tip), 0) as propina,
                COALESCE(o.total_pay, 0) as importe,
                COALESCE(SUM(CASE WHEN pp.method_pay_id = 1 THEN pp.pay ELSE 0 END), 0) as efectivo,
                COALESCE(SUM(CASE WHEN pp.method_pay_id = 2 THEN pp.pay ELSE 0 END), 0) as tarjeta,
                COALESCE(SUM(CASE WHEN pp.method_pay_id = 3 THEN pp.pay ELSE 0 END), 0) as transferencia,
                o.status
            FROM fayxzvov_reginas.`order` o
            LEFT JOIN fayxzvov_reginas.order_clients c ON o.client_id = c.id
            LEFT JOIN fayxzvov_reginas.order_payments pp ON pp.order_id = o.id
            WHERE DATE(o.date_creation) BETWEEN ? AND ?
            AND o.subsidiaries_id = ?
            GROUP BY o.id
            ORDER BY o.id ASC
        
[ ERROR READ] :: SQLSTATE[42S22]: Column not found: 1054 Unknown column 'o.folio_ticket' in 'field list'


[ 2026-03-23 13:16:45 ]
[ UNIX_USR ] :: nt authority\system
[ WINDOWS_USR ] :: DESKTOP-FHJB2CN$
[ INFO ] ::  
            SELECT
                o.id as folio_cuenta,
                o.folio_ticket as folio_nota,
                o.date_creation as fecha,
                c.name as cuenta,
                o.order_type,
                COALESCE(o.discount, 0) as descuento_importe,
                COALESCE(SUM(pp.tip), 0) as propina,
                COALESCE(o.total_pay, 0) as importe,
                COALESCE(SUM(CASE WHEN pp.method_pay_id = 1 THEN pp.pay ELSE 0 END), 0) as efectivo,
                COALESCE(SUM(CASE WHEN pp.method_pay_id = 2 THEN pp.pay ELSE 0 END), 0) as tarjeta,
                COALESCE(SUM(CASE WHEN pp.method_pay_id = 3 THEN pp.pay ELSE 0 END), 0) as transferencia,
                o.status
            FROM fayxzvov_reginas.`order` o
            LEFT JOIN fayxzvov_reginas.order_clients c ON o.client_id = c.id
            LEFT JOIN fayxzvov_reginas.order_payments pp ON pp.order_id = o.id
            WHERE DATE(o.date_creation) BETWEEN ? AND ?
            AND o.subsidiaries_id = ?
            GROUP BY o.id
            ORDER BY o.id ASC
        
[ ERROR READ] :: SQLSTATE[42S22]: Column not found: 1054 Unknown column 'o.folio_ticket' in 'field list'


[ 2026-03-23 13:09:29 ]
[ UNIX_USR ] :: nt authority\system
[ WINDOWS_USR ] :: DESKTOP-FHJB2CN$
[ INFO ] ::  
            SELECT
                o.id as folio_cuenta,
                o.folio_ticket as folio_nota,
                o.date_creation as fecha,
                c.name as cuenta,
                o.order_type,
                COALESCE(o.discount, 0) as descuento_importe,
                COALESCE(SUM(pp.tip), 0) as propina,
                COALESCE(o.total_pay, 0) as importe,
                COALESCE(SUM(CASE WHEN pp.method_pay_id = 1 THEN pp.pay ELSE 0 END), 0) as efectivo,
                COALESCE(SUM(CASE WHEN pp.method_pay_id = 2 THEN pp.pay ELSE 0 END), 0) as tarjeta,
                COALESCE(SUM(CASE WHEN pp.method_pay_id = 3 THEN pp.pay ELSE 0 END), 0) as transferencia,
                o.status
            FROM fayxzvov_reginas.`order` o
            LEFT JOIN fayxzvov_reginas.order_clients c ON o.client_id = c.id
            LEFT JOIN fayxzvov_reginas.order_payments pp ON pp.order_id = o.id
            WHERE DATE(o.date_creation) BETWEEN ? AND ?
            AND o.subsidiaries_id = ?
            GROUP BY o.id
            ORDER BY o.id ASC
        
[ ERROR READ] :: SQLSTATE[42S22]: Column not found: 1054 Unknown column 'o.folio_ticket' in 'field list'


[ 2026-03-23 13:09:28 ]
[ UNIX_USR ] :: nt authority\system
[ WINDOWS_USR ] :: DESKTOP-FHJB2CN$
[ INFO ] ::  
            SELECT
                o.id as folio_cuenta,
                o.folio_ticket as folio_nota,
                o.date_creation as fecha,
                c.name as cuenta,
                o.order_type,
                COALESCE(o.discount, 0) as descuento_importe,
                COALESCE(SUM(pp.tip), 0) as propina,
                COALESCE(o.total_pay, 0) as importe,
                COALESCE(SUM(CASE WHEN pp.method_pay_id = 1 THEN pp.pay ELSE 0 END), 0) as efectivo,
                COALESCE(SUM(CASE WHEN pp.method_pay_id = 2 THEN pp.pay ELSE 0 END), 0) as tarjeta,
                COALESCE(SUM(CASE WHEN pp.method_pay_id = 3 THEN pp.pay ELSE 0 END), 0) as transferencia,
                o.status
            FROM fayxzvov_reginas.`order` o
            LEFT JOIN fayxzvov_reginas.order_clients c ON o.client_id = c.id
            LEFT JOIN fayxzvov_reginas.order_payments pp ON pp.order_id = o.id
            WHERE DATE(o.date_creation) BETWEEN ? AND ?
            AND o.subsidiaries_id = ?
            GROUP BY o.id
            ORDER BY o.id ASC
        
[ ERROR READ] :: SQLSTATE[42S22]: Column not found: 1054 Unknown column 'o.folio_ticket' in 'field list'


[ 2026-03-23 13:09:25 ]
[ UNIX_USR ] :: nt authority\system
[ WINDOWS_USR ] :: DESKTOP-FHJB2CN$
[ INFO ] ::  
            SELECT
                o.id as folio_cuenta,
                o.folio_ticket as folio_nota,
                o.date_creation as fecha,
                c.name as cuenta,
                o.order_type,
                COALESCE(o.discount, 0) as descuento_importe,
                COALESCE(SUM(pp.tip), 0) as propina,
                COALESCE(o.total_pay, 0) as importe,
                COALESCE(SUM(CASE WHEN pp.method_pay_id = 1 THEN pp.pay ELSE 0 END), 0) as efectivo,
                COALESCE(SUM(CASE WHEN pp.method_pay_id = 2 THEN pp.pay ELSE 0 END), 0) as tarjeta,
                COALESCE(SUM(CASE WHEN pp.method_pay_id = 3 THEN pp.pay ELSE 0 END), 0) as transferencia,
                o.status
            FROM fayxzvov_reginas.`order` o
            LEFT JOIN fayxzvov_reginas.order_clients c ON o.client_id = c.id
            LEFT JOIN fayxzvov_reginas.order_payments pp ON pp.order_id = o.id
            WHERE DATE(o.date_creation) BETWEEN ? AND ?
            AND o.subsidiaries_id = ?
            GROUP BY o.id
            ORDER BY o.id ASC
        
[ ERROR READ] :: SQLSTATE[42S22]: Column not found: 1054 Unknown column 'o.folio_ticket' in 'field list'


[ 2026-03-23 13:09:24 ]
[ UNIX_USR ] :: nt authority\system
[ WINDOWS_USR ] :: DESKTOP-FHJB2CN$
[ INFO ] ::  
            SELECT
                o.id as folio_cuenta,
                o.folio_ticket as folio_nota,
                o.date_creation as fecha,
                c.name as cuenta,
                o.order_type,
                COALESCE(o.discount, 0) as descuento_importe,
                COALESCE(SUM(pp.tip), 0) as propina,
                COALESCE(o.total_pay, 0) as importe,
                COALESCE(SUM(CASE WHEN pp.method_pay_id = 1 THEN pp.pay ELSE 0 END), 0) as efectivo,
                COALESCE(SUM(CASE WHEN pp.method_pay_id = 2 THEN pp.pay ELSE 0 END), 0) as tarjeta,
                COALESCE(SUM(CASE WHEN pp.method_pay_id = 3 THEN pp.pay ELSE 0 END), 0) as transferencia,
                o.status
            FROM fayxzvov_reginas.`order` o
            LEFT JOIN fayxzvov_reginas.order_clients c ON o.client_id = c.id
            LEFT JOIN fayxzvov_reginas.order_payments pp ON pp.order_id = o.id
            WHERE DATE(o.date_creation) BETWEEN ? AND ?
            AND o.subsidiaries_id = ?
            GROUP BY o.id
            ORDER BY o.id ASC
        
[ ERROR READ] :: SQLSTATE[42S22]: Column not found: 1054 Unknown column 'o.folio_ticket' in 'field list'


[ 2026-03-23 13:08:39 ]
[ UNIX_USR ] :: nt authority\system
[ WINDOWS_USR ] :: DESKTOP-FHJB2CN$
[ INFO ] ::  
            SELECT
                o.id as folio_cuenta,
                o.folio_ticket as folio_nota,
                o.date_creation as fecha,
                c.name as cuenta,
                o.order_type,
                COALESCE(o.discount, 0) as descuento_importe,
                COALESCE(SUM(pp.tip), 0) as propina,
                COALESCE(o.total_pay, 0) as importe,
                COALESCE(SUM(CASE WHEN pp.method_pay_id = 1 THEN pp.pay ELSE 0 END), 0) as efectivo,
                COALESCE(SUM(CASE WHEN pp.method_pay_id = 2 THEN pp.pay ELSE 0 END), 0) as tarjeta,
                COALESCE(SUM(CASE WHEN pp.method_pay_id = 3 THEN pp.pay ELSE 0 END), 0) as transferencia,
                o.status
            FROM fayxzvov_reginas.`order` o
            LEFT JOIN fayxzvov_reginas.order_clients c ON o.client_id = c.id
            LEFT JOIN fayxzvov_reginas.order_payments pp ON pp.order_id = o.id
            WHERE DATE(o.date_creation) BETWEEN ? AND ?
            AND o.subsidiaries_id = ?
            GROUP BY o.id
            ORDER BY o.id ASC
        
[ ERROR READ] :: SQLSTATE[42S22]: Column not found: 1054 Unknown column 'o.folio_ticket' in 'field list'


[ 2026-03-23 13:06:34 ]
[ UNIX_USR ] :: nt authority\system
[ WINDOWS_USR ] :: DESKTOP-FHJB2CN$
[ INFO ] ::  
            SELECT
                o.id as folio_cuenta,
                o.folio_ticket as folio_nota,
                o.date_creation as fecha,
                c.name as cuenta,
                o.order_type,
                COALESCE(o.discount, 0) as descuento_importe,
                COALESCE(SUM(pp.tip), 0) as propina,
                COALESCE(o.total_pay, 0) as importe,
                COALESCE(SUM(CASE WHEN pp.method_pay_id = 1 THEN pp.pay ELSE 0 END), 0) as efectivo,
                COALESCE(SUM(CASE WHEN pp.method_pay_id = 2 THEN pp.pay ELSE 0 END), 0) as tarjeta,
                COALESCE(SUM(CASE WHEN pp.method_pay_id = 3 THEN pp.pay ELSE 0 END), 0) as transferencia,
                o.status
            FROM fayxzvov_reginas.`order` o
            LEFT JOIN fayxzvov_reginas.order_clients c ON o.client_id = c.id
            LEFT JOIN fayxzvov_reginas.order_payments pp ON pp.order_id = o.id
            WHERE DATE(o.date_creation) BETWEEN ? AND ?
            AND o.subsidiaries_id = ?
            GROUP BY o.id
            ORDER BY o.id ASC
        
[ ERROR READ] :: SQLSTATE[42S22]: Column not found: 1054 Unknown column 'o.folio_ticket' in 'field list'


[ 2026-03-23 13:06:30 ]
[ UNIX_USR ] :: nt authority\system
[ WINDOWS_USR ] :: DESKTOP-FHJB2CN$
[ INFO ] ::  
            SELECT
                o.id as folio_cuenta,
                o.folio_ticket as folio_nota,
                o.date_creation as fecha,
                c.name as cuenta,
                o.order_type,
                COALESCE(o.discount, 0) as descuento_importe,
                COALESCE(SUM(pp.tip), 0) as propina,
                COALESCE(o.total_pay, 0) as importe,
                COALESCE(SUM(CASE WHEN pp.method_pay_id = 1 THEN pp.pay ELSE 0 END), 0) as efectivo,
                COALESCE(SUM(CASE WHEN pp.method_pay_id = 2 THEN pp.pay ELSE 0 END), 0) as tarjeta,
                COALESCE(SUM(CASE WHEN pp.method_pay_id = 3 THEN pp.pay ELSE 0 END), 0) as transferencia,
                o.status
            FROM fayxzvov_reginas.`order` o
            LEFT JOIN fayxzvov_reginas.order_clients c ON o.client_id = c.id
            LEFT JOIN fayxzvov_reginas.order_payments pp ON pp.order_id = o.id
            WHERE DATE(o.date_creation) BETWEEN ? AND ?
            AND o.subsidiaries_id = ?
            GROUP BY o.id
            ORDER BY o.id ASC
        
[ ERROR READ] :: SQLSTATE[42S22]: Column not found: 1054 Unknown column 'o.folio_ticket' in 'field list'


[ 2026-03-23 13:06:28 ]
[ UNIX_USR ] :: nt authority\system
[ WINDOWS_USR ] :: DESKTOP-FHJB2CN$
[ INFO ] ::  
            SELECT
                o.id as folio_cuenta,
                o.folio_ticket as folio_nota,
                o.date_creation as fecha,
                c.name as cuenta,
                o.order_type,
                COALESCE(o.discount, 0) as descuento_importe,
                COALESCE(SUM(pp.tip), 0) as propina,
                COALESCE(o.total_pay, 0) as importe,
                COALESCE(SUM(CASE WHEN pp.method_pay_id = 1 THEN pp.pay ELSE 0 END), 0) as efectivo,
                COALESCE(SUM(CASE WHEN pp.method_pay_id = 2 THEN pp.pay ELSE 0 END), 0) as tarjeta,
                COALESCE(SUM(CASE WHEN pp.method_pay_id = 3 THEN pp.pay ELSE 0 END), 0) as transferencia,
                o.status
            FROM fayxzvov_reginas.`order` o
            LEFT JOIN fayxzvov_reginas.order_clients c ON o.client_id = c.id
            LEFT JOIN fayxzvov_reginas.order_payments pp ON pp.order_id = o.id
            WHERE DATE(o.date_creation) BETWEEN ? AND ?
            AND o.subsidiaries_id = ?
            GROUP BY o.id
            ORDER BY o.id ASC
        
[ ERROR READ] :: SQLSTATE[42S22]: Column not found: 1054 Unknown column 'o.folio_ticket' in 'field list'


[ 2026-03-23 13:06:27 ]
[ UNIX_USR ] :: nt authority\system
[ WINDOWS_USR ] :: DESKTOP-FHJB2CN$
[ INFO ] ::  
            SELECT
                o.id as folio_cuenta,
                o.folio_ticket as folio_nota,
                o.date_creation as fecha,
                c.name as cuenta,
                o.order_type,
                COALESCE(o.discount, 0) as descuento_importe,
                COALESCE(SUM(pp.tip), 0) as propina,
                COALESCE(o.total_pay, 0) as importe,
                COALESCE(SUM(CASE WHEN pp.method_pay_id = 1 THEN pp.pay ELSE 0 END), 0) as efectivo,
                COALESCE(SUM(CASE WHEN pp.method_pay_id = 2 THEN pp.pay ELSE 0 END), 0) as tarjeta,
                COALESCE(SUM(CASE WHEN pp.method_pay_id = 3 THEN pp.pay ELSE 0 END), 0) as transferencia,
                o.status
            FROM fayxzvov_reginas.`order` o
            LEFT JOIN fayxzvov_reginas.order_clients c ON o.client_id = c.id
            LEFT JOIN fayxzvov_reginas.order_payments pp ON pp.order_id = o.id
            WHERE DATE(o.date_creation) BETWEEN ? AND ?
            AND o.subsidiaries_id = ?
            GROUP BY o.id
            ORDER BY o.id ASC
        
[ ERROR READ] :: SQLSTATE[42S22]: Column not found: 1054 Unknown column 'o.folio_ticket' in 'field list'


[ 2026-03-23 13:06:26 ]
[ UNIX_USR ] :: nt authority\system
[ WINDOWS_USR ] :: DESKTOP-FHJB2CN$
[ INFO ] ::  
            SELECT
                o.id as folio_cuenta,
                o.folio_ticket as folio_nota,
                o.date_creation as fecha,
                c.name as cuenta,
                o.order_type,
                COALESCE(o.discount, 0) as descuento_importe,
                COALESCE(SUM(pp.tip), 0) as propina,
                COALESCE(o.total_pay, 0) as importe,
                COALESCE(SUM(CASE WHEN pp.method_pay_id = 1 THEN pp.pay ELSE 0 END), 0) as efectivo,
                COALESCE(SUM(CASE WHEN pp.method_pay_id = 2 THEN pp.pay ELSE 0 END), 0) as tarjeta,
                COALESCE(SUM(CASE WHEN pp.method_pay_id = 3 THEN pp.pay ELSE 0 END), 0) as transferencia,
                o.status
            FROM fayxzvov_reginas.`order` o
            LEFT JOIN fayxzvov_reginas.order_clients c ON o.client_id = c.id
            LEFT JOIN fayxzvov_reginas.order_payments pp ON pp.order_id = o.id
            WHERE DATE(o.date_creation) BETWEEN ? AND ?
            AND o.subsidiaries_id = ?
            GROUP BY o.id
            ORDER BY o.id ASC
        
[ ERROR READ] :: SQLSTATE[42S22]: Column not found: 1054 Unknown column 'o.folio_ticket' in 'field list'


[ 2026-03-23 13:06:26 ]
[ UNIX_USR ] :: nt authority\system
[ WINDOWS_USR ] :: DESKTOP-FHJB2CN$
[ INFO ] ::  
            SELECT
                cs.id, cs.shift_name, cs.opened_at, cs.closed_at,
                cs.opening_amount, cs.total_sales, cs.total_cash,
                cs.total_card, cs.total_transfer, cs.total_orders,
                cs.closing_cash_counted, cs.cash_difference,
                cs.total_discount, cs.total_cancelled, cs.total_tips,
                cs.folio_z, cs.status,
                u.fullname as employee_name
            FROM fayxzvov_reginas.cash_shift cs
            LEFT JOIN fayxzvov_alpha.usr_users u ON u.id = cs.employee_id
            WHERE cs.subsidiary_id = ?
            AND DATE(cs.opened_at) BETWEEN ? AND ?
            ORDER BY cs.opened_at DESC
        
[ ERROR READ] :: SQLSTATE[42S22]: Column not found: 1054 Unknown column 'cs.total_cash' in 'field list'


[ 2026-03-23 13:06:24 ]
[ UNIX_USR ] :: nt authority\system
[ WINDOWS_USR ] :: DESKTOP-FHJB2CN$
[ INFO ] ::  
            SELECT
                o.id as folio_cuenta,
                o.folio_ticket as folio_nota,
                o.date_creation as fecha,
                c.name as cuenta,
                o.order_type,
                COALESCE(o.discount, 0) as descuento_importe,
                COALESCE(SUM(pp.tip), 0) as propina,
                COALESCE(o.total_pay, 0) as importe,
                COALESCE(SUM(CASE WHEN pp.method_pay_id = 1 THEN pp.pay ELSE 0 END), 0) as efectivo,
                COALESCE(SUM(CASE WHEN pp.method_pay_id = 2 THEN pp.pay ELSE 0 END), 0) as tarjeta,
                COALESCE(SUM(CASE WHEN pp.method_pay_id = 3 THEN pp.pay ELSE 0 END), 0) as transferencia,
                o.status
            FROM fayxzvov_reginas.`order` o
            LEFT JOIN fayxzvov_reginas.order_clients c ON o.client_id = c.id
            LEFT JOIN fayxzvov_reginas.order_payments pp ON pp.order_id = o.id
            WHERE DATE(o.date_creation) BETWEEN ? AND ?
            AND o.subsidiaries_id = ?
            GROUP BY o.id
            ORDER BY o.id ASC
        
[ ERROR READ] :: SQLSTATE[42S22]: Column not found: 1054 Unknown column 'o.folio_ticket' in 'field list'


[ 2026-03-23 13:06:02 ]
[ UNIX_USR ] :: nt authority\system
[ WINDOWS_USR ] :: DESKTOP-FHJB2CN$
[ INFO ] ::  
            SELECT
                cs.id, cs.shift_name, cs.opened_at, cs.closed_at,
                cs.opening_amount, cs.total_sales, cs.total_cash,
                cs.total_card, cs.total_transfer, cs.total_orders,
                cs.closing_cash_counted, cs.cash_difference,
                cs.total_discount, cs.total_cancelled, cs.total_tips,
                cs.folio_z, cs.status,
                u.fullname as employee_name
            FROM fayxzvov_reginas.cash_shift cs
            LEFT JOIN fayxzvov_alpha.usr_users u ON u.id = cs.employee_id
            WHERE cs.subsidiary_id = ?
            AND DATE(cs.opened_at) BETWEEN ? AND ?
            ORDER BY cs.opened_at DESC
        
[ ERROR READ] :: SQLSTATE[42S22]: Column not found: 1054 Unknown column 'cs.total_cash' in 'field list'


[ 2026-03-23 13:05:59 ]
[ UNIX_USR ] :: nt authority\system
[ WINDOWS_USR ] :: DESKTOP-FHJB2CN$
[ INFO ] ::  
            SELECT
                o.id as folio_cuenta,
                o.folio_ticket as folio_nota,
                o.date_creation as fecha,
                c.name as cuenta,
                o.order_type,
                COALESCE(o.discount, 0) as descuento_importe,
                COALESCE(SUM(pp.tip), 0) as propina,
                COALESCE(o.total_pay, 0) as importe,
                COALESCE(SUM(CASE WHEN pp.method_pay_id = 1 THEN pp.pay ELSE 0 END), 0) as efectivo,
                COALESCE(SUM(CASE WHEN pp.method_pay_id = 2 THEN pp.pay ELSE 0 END), 0) as tarjeta,
                COALESCE(SUM(CASE WHEN pp.method_pay_id = 3 THEN pp.pay ELSE 0 END), 0) as transferencia,
                o.status
            FROM fayxzvov_reginas.`order` o
            LEFT JOIN fayxzvov_reginas.order_clients c ON o.client_id = c.id
            LEFT JOIN fayxzvov_reginas.order_payments pp ON pp.order_id = o.id
            WHERE DATE(o.date_creation) BETWEEN ? AND ?
            AND o.subsidiaries_id = ?
            GROUP BY o.id
            ORDER BY o.id ASC
        
[ ERROR READ] :: SQLSTATE[42S22]: Column not found: 1054 Unknown column 'o.folio_ticket' in 'field list'


[ 2026-03-23 12:59:22 ]
[ UNIX_USR ] :: nt authority\system
[ WINDOWS_USR ] :: DESKTOP-FHJB2CN$
[ INFO ] ::  
            SELECT
                cs.id, cs.shift_name, cs.opened_at, cs.closed_at,
                cs.opening_amount, cs.total_sales, cs.total_cash,
                cs.total_card, cs.total_transfer, cs.total_orders,
                cs.closing_cash_counted, cs.cash_difference,
                cs.total_discount, cs.total_cancelled, cs.total_tips,
                cs.folio_z, cs.status,
                u.fullname as employee_name
            FROM fayxzvov_reginas.cash_shift cs
            LEFT JOIN fayxzvov_alpha.usr_users u ON u.id = cs.employee_id
            WHERE cs.subsidiary_id = ?
            AND DATE(cs.opened_at) BETWEEN ? AND ?
            ORDER BY cs.opened_at DESC
        
[ ERROR READ] :: SQLSTATE[42S22]: Column not found: 1054 Unknown column 'cs.total_cash' in 'field list'


[ 2026-03-23 12:59:20 ]
[ UNIX_USR ] :: nt authority\system
[ WINDOWS_USR ] :: DESKTOP-FHJB2CN$
[ INFO ] ::  
            SELECT
                cs.id, cs.shift_name, cs.opened_at, cs.closed_at,
                cs.opening_amount, cs.total_sales, cs.total_cash,
                cs.total_card, cs.total_transfer, cs.total_orders,
                cs.closing_cash_counted, cs.cash_difference,
                cs.total_discount, cs.total_cancelled, cs.total_tips,
                cs.folio_z, cs.status,
                u.fullname as employee_name
            FROM fayxzvov_reginas.cash_shift cs
            LEFT JOIN fayxzvov_alpha.usr_users u ON u.id = cs.employee_id
            WHERE cs.subsidiary_id = ?
            AND DATE(cs.opened_at) BETWEEN ? AND ?
            ORDER BY cs.opened_at DESC
        
[ ERROR READ] :: SQLSTATE[42S22]: Column not found: 1054 Unknown column 'cs.total_cash' in 'field list'


[ 2026-03-23 12:59:19 ]
[ UNIX_USR ] :: nt authority\system
[ WINDOWS_USR ] :: DESKTOP-FHJB2CN$
[ INFO ] ::  
            SELECT
                o.id as folio_cuenta,
                o.folio_ticket as folio_nota,
                o.date_creation as fecha,
                c.name as cuenta,
                o.order_type,
                COALESCE(o.discount, 0) as descuento_importe,
                COALESCE(SUM(pp.tip), 0) as propina,
                COALESCE(o.total_pay, 0) as importe,
                COALESCE(SUM(CASE WHEN pp.method_pay_id = 1 THEN pp.pay ELSE 0 END), 0) as efectivo,
                COALESCE(SUM(CASE WHEN pp.method_pay_id = 2 THEN pp.pay ELSE 0 END), 0) as tarjeta,
                COALESCE(SUM(CASE WHEN pp.method_pay_id = 3 THEN pp.pay ELSE 0 END), 0) as transferencia,
                o.status
            FROM fayxzvov_reginas.`order` o
            LEFT JOIN fayxzvov_reginas.order_clients c ON o.client_id = c.id
            LEFT JOIN fayxzvov_reginas.order_payments pp ON pp.order_id = o.id
            WHERE DATE(o.date_creation) BETWEEN ? AND ?
            AND o.subsidiaries_id = ?
            GROUP BY o.id
            ORDER BY o.id ASC
        
[ ERROR READ] :: SQLSTATE[42S22]: Column not found: 1054 Unknown column 'o.folio_ticket' in 'field list'


[ 2026-03-23 12:59:18 ]
[ UNIX_USR ] :: nt authority\system
[ WINDOWS_USR ] :: DESKTOP-FHJB2CN$
[ INFO ] ::  
            SELECT
                o.id as folio_cuenta,
                o.folio_ticket as folio_nota,
                o.date_creation as fecha,
                c.name as cuenta,
                o.order_type,
                COALESCE(o.discount, 0) as descuento_importe,
                COALESCE(SUM(pp.tip), 0) as propina,
                COALESCE(o.total_pay, 0) as importe,
                COALESCE(SUM(CASE WHEN pp.method_pay_id = 1 THEN pp.pay ELSE 0 END), 0) as efectivo,
                COALESCE(SUM(CASE WHEN pp.method_pay_id = 2 THEN pp.pay ELSE 0 END), 0) as tarjeta,
                COALESCE(SUM(CASE WHEN pp.method_pay_id = 3 THEN pp.pay ELSE 0 END), 0) as transferencia,
                o.status
            FROM fayxzvov_reginas.`order` o
            LEFT JOIN fayxzvov_reginas.order_clients c ON o.client_id = c.id
            LEFT JOIN fayxzvov_reginas.order_payments pp ON pp.order_id = o.id
            WHERE DATE(o.date_creation) BETWEEN ? AND ?
            AND o.subsidiaries_id = ?
            GROUP BY o.id
            ORDER BY o.id ASC
        
[ ERROR READ] :: SQLSTATE[42S22]: Column not found: 1054 Unknown column 'o.folio_ticket' in 'field list'


[ 2026-03-23 12:59:17 ]
[ UNIX_USR ] :: nt authority\system
[ WINDOWS_USR ] :: DESKTOP-FHJB2CN$
[ INFO ] ::  
            SELECT
                cs.id, cs.shift_name, cs.opened_at, cs.closed_at,
                cs.opening_amount, cs.total_sales, cs.total_cash,
                cs.total_card, cs.total_transfer, cs.total_orders,
                cs.closing_cash_counted, cs.cash_difference,
                cs.total_discount, cs.total_cancelled, cs.total_tips,
                cs.folio_z, cs.status,
                u.fullname as employee_name
            FROM fayxzvov_reginas.cash_shift cs
            LEFT JOIN fayxzvov_alpha.usr_users u ON u.id = cs.employee_id
            WHERE cs.subsidiary_id = ?
            AND DATE(cs.opened_at) BETWEEN ? AND ?
            ORDER BY cs.opened_at DESC
        
[ ERROR READ] :: SQLSTATE[42S22]: Column not found: 1054 Unknown column 'cs.total_cash' in 'field list'


[ 2026-03-23 12:59:16 ]
[ UNIX_USR ] :: nt authority\system
[ WINDOWS_USR ] :: DESKTOP-FHJB2CN$
[ INFO ] ::  
            SELECT
                o.id as folio_cuenta,
                o.folio_ticket as folio_nota,
                o.date_creation as fecha,
                c.name as cuenta,
                o.order_type,
                COALESCE(o.discount, 0) as descuento_importe,
                COALESCE(SUM(pp.tip), 0) as propina,
                COALESCE(o.total_pay, 0) as importe,
                COALESCE(SUM(CASE WHEN pp.method_pay_id = 1 THEN pp.pay ELSE 0 END), 0) as efectivo,
                COALESCE(SUM(CASE WHEN pp.method_pay_id = 2 THEN pp.pay ELSE 0 END), 0) as tarjeta,
                COALESCE(SUM(CASE WHEN pp.method_pay_id = 3 THEN pp.pay ELSE 0 END), 0) as transferencia,
                o.status
            FROM fayxzvov_reginas.`order` o
            LEFT JOIN fayxzvov_reginas.order_clients c ON o.client_id = c.id
            LEFT JOIN fayxzvov_reginas.order_payments pp ON pp.order_id = o.id
            WHERE DATE(o.date_creation) BETWEEN ? AND ?
            AND o.subsidiaries_id = ?
            GROUP BY o.id
            ORDER BY o.id ASC
        
[ ERROR READ] :: SQLSTATE[42S22]: Column not found: 1054 Unknown column 'o.folio_ticket' in 'field list'


[ 2026-03-23 12:58:25 ]
[ UNIX_USR ] :: nt authority\system
[ WINDOWS_USR ] :: DESKTOP-FHJB2CN$
[ INFO ] ::  
            SELECT
                o.id as folio_cuenta,
                o.folio_ticket as folio_nota,
                o.date_creation as fecha,
                c.name as cuenta,
                o.order_type,
                COALESCE(o.discount, 0) as descuento_importe,
                COALESCE(SUM(pp.tip), 0) as propina,
                COALESCE(o.total_pay, 0) as importe,
                COALESCE(SUM(CASE WHEN pp.method_pay_id = 1 THEN pp.pay ELSE 0 END), 0) as efectivo,
                COALESCE(SUM(CASE WHEN pp.method_pay_id = 2 THEN pp.pay ELSE 0 END), 0) as tarjeta,
                COALESCE(SUM(CASE WHEN pp.method_pay_id = 3 THEN pp.pay ELSE 0 END), 0) as transferencia,
                o.status
            FROM fayxzvov_reginas.`order` o
            LEFT JOIN fayxzvov_reginas.order_clients c ON o.client_id = c.id
            LEFT JOIN fayxzvov_reginas.order_payments pp ON pp.order_id = o.id
            WHERE DATE(o.date_creation) BETWEEN ? AND ?
            AND o.subsidiaries_id = ?
            GROUP BY o.id
            ORDER BY o.id ASC
        
[ ERROR READ] :: SQLSTATE[42S22]: Column not found: 1054 Unknown column 'o.folio_ticket' in 'field list'


[ 2026-03-23 12:49:55 ]
[ UNIX_USR ] :: nt authority\system
[ WINDOWS_USR ] :: DESKTOP-FHJB2CN$
[ INFO ] ::  
            SELECT
                o.id as folio_cuenta,
                o.folio_ticket as folio_nota,
                o.date_creation as fecha,
                c.name as cuenta,
                o.order_type,
                COALESCE(o.discount, 0) as descuento_importe,
                COALESCE(SUM(pp.tip), 0) as propina,
                COALESCE(o.total_pay, 0) as importe,
                COALESCE(SUM(CASE WHEN pp.method_pay_id = 1 THEN pp.pay ELSE 0 END), 0) as efectivo,
                COALESCE(SUM(CASE WHEN pp.method_pay_id = 2 THEN pp.pay ELSE 0 END), 0) as tarjeta,
                COALESCE(SUM(CASE WHEN pp.method_pay_id = 3 THEN pp.pay ELSE 0 END), 0) as transferencia,
                o.status
            FROM fayxzvov_reginas.`order` o
            LEFT JOIN fayxzvov_reginas.order_clients c ON o.client_id = c.id
            LEFT JOIN fayxzvov_reginas.order_payments pp ON pp.order_id = o.id
            WHERE DATE(o.date_creation) BETWEEN ? AND ?
            AND o.subsidiaries_id = ?
            GROUP BY o.id
            ORDER BY o.id ASC
        
[ ERROR READ] :: SQLSTATE[42S22]: Column not found: 1054 Unknown column 'o.folio_ticket' in 'field list'


[ 2026-03-23 12:49:55 ]
[ UNIX_USR ] :: nt authority\system
[ WINDOWS_USR ] :: DESKTOP-FHJB2CN$
[ INFO ] ::  
            SELECT
                cs.id, cs.shift_name, cs.opened_at, cs.closed_at,
                cs.opening_amount, cs.total_sales, cs.total_cash,
                cs.total_card, cs.total_transfer, cs.total_orders,
                cs.closing_cash_counted, cs.cash_difference,
                cs.total_discount, cs.total_cancelled, cs.total_tips,
                cs.folio_z, cs.status,
                u.fullname as employee_name
            FROM fayxzvov_reginas.cash_shift cs
            LEFT JOIN fayxzvov_alpha.usr_users u ON u.id = cs.employee_id
            WHERE cs.subsidiary_id = ?
            AND DATE(cs.opened_at) BETWEEN ? AND ?
            ORDER BY cs.opened_at DESC
        
[ ERROR READ] :: SQLSTATE[42S22]: Column not found: 1054 Unknown column 'cs.total_cash' in 'field list'


[ 2026-03-23 12:49:49 ]
[ UNIX_USR ] :: nt authority\system
[ WINDOWS_USR ] :: DESKTOP-FHJB2CN$
[ INFO ] ::  
            SELECT
                o.id as folio_cuenta,
                o.folio_ticket as folio_nota,
                o.date_creation as fecha,
                c.name as cuenta,
                o.order_type,
                COALESCE(o.discount, 0) as descuento_importe,
                COALESCE(SUM(pp.tip), 0) as propina,
                COALESCE(o.total_pay, 0) as importe,
                COALESCE(SUM(CASE WHEN pp.method_pay_id = 1 THEN pp.pay ELSE 0 END), 0) as efectivo,
                COALESCE(SUM(CASE WHEN pp.method_pay_id = 2 THEN pp.pay ELSE 0 END), 0) as tarjeta,
                COALESCE(SUM(CASE WHEN pp.method_pay_id = 3 THEN pp.pay ELSE 0 END), 0) as transferencia,
                o.status
            FROM fayxzvov_reginas.`order` o
            LEFT JOIN fayxzvov_reginas.order_clients c ON o.client_id = c.id
            LEFT JOIN fayxzvov_reginas.order_payments pp ON pp.order_id = o.id
            WHERE DATE(o.date_creation) BETWEEN ? AND ?
            AND o.subsidiaries_id = ?
            GROUP BY o.id
            ORDER BY o.id ASC
        
[ ERROR READ] :: SQLSTATE[42S22]: Column not found: 1054 Unknown column 'o.folio_ticket' in 'field list'


[ 2026-03-23 12:49:48 ]
[ UNIX_USR ] :: nt authority\system
[ WINDOWS_USR ] :: DESKTOP-FHJB2CN$
[ INFO ] ::  
            SELECT
                o.id as folio_cuenta,
                o.folio_ticket as folio_nota,
                o.date_creation as fecha,
                c.name as cuenta,
                o.order_type,
                COALESCE(o.discount, 0) as descuento_importe,
                COALESCE(SUM(pp.tip), 0) as propina,
                COALESCE(o.total_pay, 0) as importe,
                COALESCE(SUM(CASE WHEN pp.method_pay_id = 1 THEN pp.pay ELSE 0 END), 0) as efectivo,
                COALESCE(SUM(CASE WHEN pp.method_pay_id = 2 THEN pp.pay ELSE 0 END), 0) as tarjeta,
                COALESCE(SUM(CASE WHEN pp.method_pay_id = 3 THEN pp.pay ELSE 0 END), 0) as transferencia,
                o.status
            FROM fayxzvov_reginas.`order` o
            LEFT JOIN fayxzvov_reginas.order_clients c ON o.client_id = c.id
            LEFT JOIN fayxzvov_reginas.order_payments pp ON pp.order_id = o.id
            WHERE DATE(o.date_creation) BETWEEN ? AND ?
            AND o.subsidiaries_id = ?
            GROUP BY o.id
            ORDER BY o.id ASC
        
[ ERROR READ] :: SQLSTATE[42S22]: Column not found: 1054 Unknown column 'o.folio_ticket' in 'field list'


[ 2026-03-23 12:49:46 ]
[ UNIX_USR ] :: nt authority\system
[ WINDOWS_USR ] :: DESKTOP-FHJB2CN$
[ INFO ] ::  
            SELECT
                o.id as folio_cuenta,
                o.folio_ticket as folio_nota,
                o.date_creation as fecha,
                c.name as cuenta,
                o.order_type,
                COALESCE(o.discount, 0) as descuento_importe,
                COALESCE(SUM(pp.tip), 0) as propina,
                COALESCE(o.total_pay, 0) as importe,
                COALESCE(SUM(CASE WHEN pp.method_pay_id = 1 THEN pp.pay ELSE 0 END), 0) as efectivo,
                COALESCE(SUM(CASE WHEN pp.method_pay_id = 2 THEN pp.pay ELSE 0 END), 0) as tarjeta,
                COALESCE(SUM(CASE WHEN pp.method_pay_id = 3 THEN pp.pay ELSE 0 END), 0) as transferencia,
                o.status
            FROM fayxzvov_reginas.`order` o
            LEFT JOIN fayxzvov_reginas.order_clients c ON o.client_id = c.id
            LEFT JOIN fayxzvov_reginas.order_payments pp ON pp.order_id = o.id
            WHERE DATE(o.date_creation) BETWEEN ? AND ?
            AND o.subsidiaries_id = ?
            GROUP BY o.id
            ORDER BY o.id ASC
        
[ ERROR READ] :: SQLSTATE[42S22]: Column not found: 1054 Unknown column 'o.folio_ticket' in 'field list'


[ 2026-03-23 12:49:45 ]
[ UNIX_USR ] :: nt authority\system
[ WINDOWS_USR ] :: DESKTOP-FHJB2CN$
[ INFO ] ::  
            SELECT
                o.id as folio_cuenta,
                o.folio_ticket as folio_nota,
                o.date_creation as fecha,
                c.name as cuenta,
                o.order_type,
                COALESCE(o.discount, 0) as descuento_importe,
                COALESCE(SUM(pp.tip), 0) as propina,
                COALESCE(o.total_pay, 0) as importe,
                COALESCE(SUM(CASE WHEN pp.method_pay_id = 1 THEN pp.pay ELSE 0 END), 0) as efectivo,
                COALESCE(SUM(CASE WHEN pp.method_pay_id = 2 THEN pp.pay ELSE 0 END), 0) as tarjeta,
                COALESCE(SUM(CASE WHEN pp.method_pay_id = 3 THEN pp.pay ELSE 0 END), 0) as transferencia,
                o.status
            FROM fayxzvov_reginas.`order` o
            LEFT JOIN fayxzvov_reginas.order_clients c ON o.client_id = c.id
            LEFT JOIN fayxzvov_reginas.order_payments pp ON pp.order_id = o.id
            WHERE DATE(o.date_creation) BETWEEN ? AND ?
            AND o.subsidiaries_id = ?
            GROUP BY o.id
            ORDER BY o.id ASC
        
[ ERROR READ] :: SQLSTATE[42S22]: Column not found: 1054 Unknown column 'o.folio_ticket' in 'field list'


[ 2026-03-23 12:49:45 ]
[ UNIX_USR ] :: nt authority\system
[ WINDOWS_USR ] :: DESKTOP-FHJB2CN$
[ INFO ] ::  
            SELECT
                cs.id, cs.shift_name, cs.opened_at, cs.closed_at,
                cs.opening_amount, cs.total_sales, cs.total_cash,
                cs.total_card, cs.total_transfer, cs.total_orders,
                cs.closing_cash_counted, cs.cash_difference,
                cs.total_discount, cs.total_cancelled, cs.total_tips,
                cs.folio_z, cs.status,
                u.fullname as employee_name
            FROM fayxzvov_reginas.cash_shift cs
            LEFT JOIN fayxzvov_alpha.usr_users u ON u.id = cs.employee_id
            WHERE cs.subsidiary_id = ?
            AND DATE(cs.opened_at) BETWEEN ? AND ?
            ORDER BY cs.opened_at DESC
        
[ ERROR READ] :: SQLSTATE[42S22]: Column not found: 1054 Unknown column 'cs.total_cash' in 'field list'


[ 2026-03-23 12:49:43 ]
[ UNIX_USR ] :: nt authority\system
[ WINDOWS_USR ] :: DESKTOP-FHJB2CN$
[ INFO ] ::  
            SELECT
                o.id as folio_cuenta,
                o.folio_ticket as folio_nota,
                o.date_creation as fecha,
                c.name as cuenta,
                o.order_type,
                COALESCE(o.discount, 0) as descuento_importe,
                COALESCE(SUM(pp.tip), 0) as propina,
                COALESCE(o.total_pay, 0) as importe,
                COALESCE(SUM(CASE WHEN pp.method_pay_id = 1 THEN pp.pay ELSE 0 END), 0) as efectivo,
                COALESCE(SUM(CASE WHEN pp.method_pay_id = 2 THEN pp.pay ELSE 0 END), 0) as tarjeta,
                COALESCE(SUM(CASE WHEN pp.method_pay_id = 3 THEN pp.pay ELSE 0 END), 0) as transferencia,
                o.status
            FROM fayxzvov_reginas.`order` o
            LEFT JOIN fayxzvov_reginas.order_clients c ON o.client_id = c.id
            LEFT JOIN fayxzvov_reginas.order_payments pp ON pp.order_id = o.id
            WHERE DATE(o.date_creation) BETWEEN ? AND ?
            AND o.subsidiaries_id = ?
            GROUP BY o.id
            ORDER BY o.id ASC
        
[ ERROR READ] :: SQLSTATE[42S22]: Column not found: 1054 Unknown column 'o.folio_ticket' in 'field list'


