[ 2025-12-11 13:21:52 ]
[ UNIX_USR ] :: nt authority\system
[ WINDOWS_USR ] :: DESKTOP-FHJB2CN$
[ INFO ] ::  
            SELECT 
                id,
                name,
                code,
                description,
                active,
                DATE_FORMAT(date_creation, '%d/%m/%Y') as date_creation,
                TIMESTAMPDIFF(YEAR, date_creation, NOW()) as age
            FROM fayxzvov_erp.udn
            WHERE active = ?
            ORDER BY id DESC
        
[ ERROR READ] :: SQLSTATE[42S22]: Column not found: 1054 Unknown column 'id' in 'field list'


[ 2025-12-11 13:21:52 ]
[ UNIX_USR ] :: nt authority\system
[ WINDOWS_USR ] :: DESKTOP-FHJB2CN$
[ INFO ] ::  
            SELECT 
                id,
                name,
                description,
                active,
                DATE_FORMAT(date_creation, '%d/%m/%Y') as date_creation
            FROM fayxzvov_erp.profiles
            WHERE active = ?
            ORDER BY id DESC
        
[ ERROR READ] :: SQLSTATE[42S02]: Base table or view not found: 1146 Table 'fayxzvov_erp.profiles' doesn't exist


[ 2025-12-11 13:21:51 ]
[ UNIX_USR ] :: nt authority\system
[ WINDOWS_USR ] :: DESKTOP-FHJB2CN$
[ INFO ] ::  
            SELECT 
                id,
                username,
                full_name,
                email,
                active,
                DATE_FORMAT(date_creation, '%d/%m/%Y') as date_creation,
                DATE_FORMAT(last_login, '%d/%m/%Y %H:%i') as last_login
            FROM fayxzvov_erp.users
            WHERE active = ?
            ORDER BY id DESC
        
[ ERROR READ] :: SQLSTATE[42S02]: Base table or view not found: 1146 Table 'fayxzvov_erp.users' doesn't exist


[ 2025-12-11 13:21:50 ]
[ UNIX_USR ] :: nt authority\system
[ WINDOWS_USR ] :: DESKTOP-FHJB2CN$
[ INFO ] ::  
            SELECT 
                id,
                name,
                code,
                description,
                active,
                DATE_FORMAT(date_creation, '%d/%m/%Y') as date_creation,
                TIMESTAMPDIFF(YEAR, date_creation, NOW()) as age
            FROM fayxzvov_erp.udn
            WHERE active = ?
            ORDER BY id DESC
        
[ ERROR READ] :: SQLSTATE[42S22]: Column not found: 1054 Unknown column 'id' in 'field list'


[ 2025-12-11 13:21:50 ]
[ UNIX_USR ] :: nt authority\system
[ WINDOWS_USR ] :: DESKTOP-FHJB2CN$
[ INFO ] ::  
            SELECT 
                id,
                name,
                description,
                active,
                DATE_FORMAT(date_creation, '%d/%m/%Y') as date_creation
            FROM fayxzvov_erp.profiles
            WHERE active = ?
            ORDER BY id DESC
        
[ ERROR READ] :: SQLSTATE[42S02]: Base table or view not found: 1146 Table 'fayxzvov_erp.profiles' doesn't exist


[ 2025-12-11 13:21:50 ]
[ UNIX_USR ] :: nt authority\system
[ WINDOWS_USR ] :: DESKTOP-FHJB2CN$
[ INFO ] ::  
            SELECT 
                id,
                username,
                full_name,
                email,
                active,
                DATE_FORMAT(date_creation, '%d/%m/%Y') as date_creation,
                DATE_FORMAT(last_login, '%d/%m/%Y %H:%i') as last_login
            FROM fayxzvov_erp.users
            WHERE active = ?
            ORDER BY id DESC
        
[ ERROR READ] :: SQLSTATE[42S02]: Base table or view not found: 1146 Table 'fayxzvov_erp.users' doesn't exist


[ 2025-12-11 13:08:25 ]
[ UNIX_USR ] :: nt authority\system
[ WINDOWS_USR ] :: DESKTOP-FHJB2CN$
[ INFO ] ::  
            SELECT 
                id,
                name,
                description,
                active,
                DATE_FORMAT(date_creation, '%d/%m/%Y') as date_creation
            FROM fayxzvov_erp.profiles
            WHERE active = ?
            ORDER BY id DESC
        
[ ERROR READ] :: SQLSTATE[42S02]: Base table or view not found: 1146 Table 'fayxzvov_erp.profiles' doesn't exist


[ 2025-12-11 13:08:24 ]
[ UNIX_USR ] :: nt authority\system
[ WINDOWS_USR ] :: DESKTOP-FHJB2CN$
[ INFO ] ::  
            SELECT 
                id,
                name,
                code,
                description,
                active,
                DATE_FORMAT(date_creation, '%d/%m/%Y') as date_creation,
                TIMESTAMPDIFF(YEAR, date_creation, NOW()) as age
            FROM fayxzvov_erp.udn
            WHERE active = ?
            ORDER BY id DESC
        
[ ERROR READ] :: SQLSTATE[42S22]: Column not found: 1054 Unknown column 'id' in 'field list'


[ 2025-12-11 13:08:22 ]
[ UNIX_USR ] :: nt authority\system
[ WINDOWS_USR ] :: DESKTOP-FHJB2CN$
[ INFO ] ::  
            SELECT 
                id,
                name,
                description,
                active,
                DATE_FORMAT(date_creation, '%d/%m/%Y') as date_creation
            FROM fayxzvov_erp.profiles
            WHERE active = ?
            ORDER BY id DESC
        
[ ERROR READ] :: SQLSTATE[42S02]: Base table or view not found: 1146 Table 'fayxzvov_erp.profiles' doesn't exist


[ 2025-12-11 13:08:21 ]
[ UNIX_USR ] :: nt authority\system
[ WINDOWS_USR ] :: DESKTOP-FHJB2CN$
[ INFO ] ::  
            SELECT 
                id,
                username,
                full_name,
                email,
                active,
                DATE_FORMAT(date_creation, '%d/%m/%Y') as date_creation,
                DATE_FORMAT(last_login, '%d/%m/%Y %H:%i') as last_login
            FROM fayxzvov_erp.users
            WHERE active = ?
            ORDER BY id DESC
        
[ ERROR READ] :: SQLSTATE[42S02]: Base table or view not found: 1146 Table 'fayxzvov_erp.users' doesn't exist


[ 2025-12-11 13:08:16 ]
[ UNIX_USR ] :: nt authority\system
[ WINDOWS_USR ] :: DESKTOP-FHJB2CN$
[ INFO ] ::  
            SELECT 
                id,
                name,
                code,
                description,
                active,
                DATE_FORMAT(date_creation, '%d/%m/%Y') as date_creation,
                TIMESTAMPDIFF(YEAR, date_creation, NOW()) as age
            FROM fayxzvov_erp.udn
            WHERE active = ?
            ORDER BY id DESC
        
[ ERROR READ] :: SQLSTATE[42S22]: Column not found: 1054 Unknown column 'id' in 'field list'


[ 2025-12-11 13:08:16 ]
[ UNIX_USR ] :: nt authority\system
[ WINDOWS_USR ] :: DESKTOP-FHJB2CN$
[ INFO ] ::  
            SELECT 
                id,
                name,
                description,
                active,
                DATE_FORMAT(date_creation, '%d/%m/%Y') as date_creation
            FROM fayxzvov_erp.profiles
            WHERE active = ?
            ORDER BY id DESC
        
[ ERROR READ] :: SQLSTATE[42S02]: Base table or view not found: 1146 Table 'fayxzvov_erp.profiles' doesn't exist


[ 2025-12-11 13:08:16 ]
[ UNIX_USR ] :: nt authority\system
[ WINDOWS_USR ] :: DESKTOP-FHJB2CN$
[ INFO ] ::  
            SELECT 
                id,
                username,
                full_name,
                email,
                active,
                DATE_FORMAT(date_creation, '%d/%m/%Y') as date_creation,
                DATE_FORMAT(last_login, '%d/%m/%Y %H:%i') as last_login
            FROM fayxzvov_erp.users
            WHERE active = ?
            ORDER BY id DESC
        
[ ERROR READ] :: SQLSTATE[42S02]: Base table or view not found: 1146 Table 'fayxzvov_erp.users' doesn't exist


[ 2025-12-11 12:12:08 ]
[ UNIX_USR ] :: nt authority\system
[ WINDOWS_USR ] :: DESKTOP-FHJB2CN$
[ INFO ] ::  
            SELECT 
                id,
                username,
                full_name,
                email,
                active,
                DATE_FORMAT(date_creation, '%d/%m/%Y') as date_creation,
                DATE_FORMAT(last_login, '%d/%m/%Y %H:%i') as last_login
            FROM fayxzvov_erp.users
            WHERE active = ?
            ORDER BY id DESC
        
[ ERROR READ] :: SQLSTATE[42S02]: Base table or view not found: 1146 Table 'fayxzvov_erp.users' doesn't exist


[ 2025-12-11 12:12:07 ]
[ UNIX_USR ] :: nt authority\system
[ WINDOWS_USR ] :: DESKTOP-FHJB2CN$
[ INFO ] ::  
            SELECT 
                id,
                username,
                full_name,
                email,
                active,
                DATE_FORMAT(date_creation, '%d/%m/%Y') as date_creation,
                DATE_FORMAT(last_login, '%d/%m/%Y %H:%i') as last_login
            FROM fayxzvov_erp.users
            WHERE active = ?
            ORDER BY id DESC
        
[ ERROR READ] :: SQLSTATE[42S02]: Base table or view not found: 1146 Table 'fayxzvov_erp.users' doesn't exist


[ 2025-12-11 12:04:25 ]
[ UNIX_USR ] :: nt authority\system
[ WINDOWS_USR ] :: DESKTOP-FHJB2CN$
[ INFO ] ::  
            SELECT 
                id,
                username,
                full_name,
                email,
                active,
                DATE_FORMAT(date_creation, '%d/%m/%Y') as date_creation,
                DATE_FORMAT(last_login, '%d/%m/%Y %H:%i') as last_login
            FROM fayxzvov_erp.users
            WHERE active = ?
            ORDER BY id DESC
        
[ ERROR READ] :: SQLSTATE[42S02]: Base table or view not found: 1146 Table 'fayxzvov_erp.users' doesn't exist


[ 2025-12-11 11:56:29 ]
[ UNIX_USR ] :: nt authority\system
[ WINDOWS_USR ] :: DESKTOP-FHJB2CN$
[ INFO ] ::  SELECT 
                id,
                username,
                full_name,
                email,
                active,
                DATE_FORMAT(date_creation, '%d/%m/%Y') as date_creation,
                DATE_FORMAT(last_login, '%d/%m/%Y %H:%i') as last_login
             FROM fayxzvov_erp.users   WHERE active = ?  ORDER BY id DESC 
[ ERROR READ] :: SQLSTATE[42S02]: Base table or view not found: 1146 Table 'fayxzvov_erp.users' doesn't exist


[ 2025-12-11 11:56:27 ]
[ UNIX_USR ] :: nt authority\system
[ WINDOWS_USR ] :: DESKTOP-FHJB2CN$
[ INFO ] ::  SELECT 
                id,
                name,
                code,
                description,
                active,
                DATE_FORMAT(date_creation, '%d/%m/%Y') as date_creation,
                TIMESTAMPDIFF(YEAR, date_creation, NOW()) as age
             FROM fayxzvov_erp.udn   WHERE active = ?  ORDER BY id DESC 
[ ERROR READ] :: SQLSTATE[42S22]: Column not found: 1054 Unknown column 'id' in 'field list'


[ 2025-12-11 11:56:27 ]
[ UNIX_USR ] :: nt authority\system
[ WINDOWS_USR ] :: DESKTOP-FHJB2CN$
[ INFO ] ::  SELECT 
                id,
                name,
                description,
                active,
                DATE_FORMAT(date_creation, '%d/%m/%Y') as date_creation
             FROM fayxzvov_erp.profiles   WHERE active = ?  ORDER BY id DESC 
[ ERROR READ] :: SQLSTATE[42S02]: Base table or view not found: 1146 Table 'fayxzvov_erp.profiles' doesn't exist


[ 2025-12-11 11:56:27 ]
[ UNIX_USR ] :: nt authority\system
[ WINDOWS_USR ] :: DESKTOP-FHJB2CN$
[ INFO ] ::  SELECT 
                id,
                username,
                full_name,
                email,
                active,
                DATE_FORMAT(date_creation, '%d/%m/%Y') as date_creation,
                DATE_FORMAT(last_login, '%d/%m/%Y %H:%i') as last_login
             FROM fayxzvov_erp.users   WHERE active = ?  ORDER BY id DESC 
[ ERROR READ] :: SQLSTATE[42S02]: Base table or view not found: 1146 Table 'fayxzvov_erp.users' doesn't exist


[ 2025-12-11 11:42:40 ]
[ UNIX_USR ] :: nt authority\system
[ WINDOWS_USR ] :: DESKTOP-FHJB2CN$
[ INFO ] ::  SELECT 
                id,
                username,
                full_name,
                email,
                active,
                DATE_FORMAT(date_creation, '%d/%m/%Y') as date_creation,
                DATE_FORMAT(last_login, '%d/%m/%Y %H:%i') as last_login
             FROM fayxzvov_mtto.users   WHERE active = ?  ORDER BY id DESC 
[ ERROR READ] :: SQLSTATE[42S02]: Base table or view not found: 1146 Table 'fayxzvov_mtto.users' doesn't exist


[ 2025-12-11 11:37:54 ]
[ UNIX_USR ] :: nt authority\system
[ WINDOWS_USR ] :: DESKTOP-FHJB2CN$
[ INFO ] ::  SELECT 
                id,
                name,
                code,
                description,
                active,
                DATE_FORMAT(date_creation, '%d/%m/%Y') as date_creation,
                TIMESTAMPDIFF(YEAR, date_creation, NOW()) as age
             FROM fayxzvov_mtto.udn   WHERE active = ?  ORDER BY id DESC 
[ ERROR READ] :: SQLSTATE[42S02]: Base table or view not found: 1146 Table 'fayxzvov_mtto.udn' doesn't exist


[ 2025-12-11 11:37:54 ]
[ UNIX_USR ] :: nt authority\system
[ WINDOWS_USR ] :: DESKTOP-FHJB2CN$
[ INFO ] ::  SELECT 
                id,
                name,
                description,
                active,
                DATE_FORMAT(date_creation, '%d/%m/%Y') as date_creation
             FROM fayxzvov_mtto.profiles   WHERE active = ?  ORDER BY id DESC 
[ ERROR READ] :: SQLSTATE[42S02]: Base table or view not found: 1146 Table 'fayxzvov_mtto.profiles' doesn't exist


[ 2025-12-11 11:37:54 ]
[ UNIX_USR ] :: nt authority\system
[ WINDOWS_USR ] :: DESKTOP-FHJB2CN$
[ INFO ] ::  SELECT 
                id,
                username,
                full_name,
                email,
                active,
                DATE_FORMAT(date_creation, '%d/%m/%Y') as date_creation,
                DATE_FORMAT(last_login, '%d/%m/%Y %H:%i') as last_login
             FROM fayxzvov_mtto.users   WHERE active = ?  ORDER BY id DESC 
[ ERROR READ] :: SQLSTATE[42S02]: Base table or view not found: 1146 Table 'fayxzvov_mtto.users' doesn't exist


[ 2025-12-11 11:37:53 ]
[ UNIX_USR ] :: nt authority\system
[ WINDOWS_USR ] :: DESKTOP-FHJB2CN$
[ INFO ] ::  SELECT 
                id,
                name,
                code,
                description,
                active,
                DATE_FORMAT(date_creation, '%d/%m/%Y') as date_creation,
                TIMESTAMPDIFF(YEAR, date_creation, NOW()) as age
             FROM fayxzvov_mtto.udn   WHERE active = ?  ORDER BY id DESC 
[ ERROR READ] :: SQLSTATE[42S02]: Base table or view not found: 1146 Table 'fayxzvov_mtto.udn' doesn't exist


[ 2025-12-11 11:37:53 ]
[ UNIX_USR ] :: nt authority\system
[ WINDOWS_USR ] :: DESKTOP-FHJB2CN$
[ INFO ] ::  SELECT 
                id,
                name,
                description,
                active,
                DATE_FORMAT(date_creation, '%d/%m/%Y') as date_creation
             FROM fayxzvov_mtto.profiles   WHERE active = ?  ORDER BY id DESC 
[ ERROR READ] :: SQLSTATE[42S02]: Base table or view not found: 1146 Table 'fayxzvov_mtto.profiles' doesn't exist


[ 2025-12-11 11:37:52 ]
[ UNIX_USR ] :: nt authority\system
[ WINDOWS_USR ] :: DESKTOP-FHJB2CN$
[ INFO ] ::  SELECT 
                id,
                username,
                full_name,
                email,
                active,
                DATE_FORMAT(date_creation, '%d/%m/%Y') as date_creation,
                DATE_FORMAT(last_login, '%d/%m/%Y %H:%i') as last_login
             FROM fayxzvov_mtto.users   WHERE active = ?  ORDER BY id DESC 
[ ERROR READ] :: SQLSTATE[42S02]: Base table or view not found: 1146 Table 'fayxzvov_mtto.users' doesn't exist


[ 2025-12-11 11:37:39 ]
[ UNIX_USR ] :: nt authority\system
[ WINDOWS_USR ] :: DESKTOP-FHJB2CN$
[ INFO ] ::  SELECT 
                id,
                name,
                code,
                description,
                active,
                DATE_FORMAT(date_creation, '%d/%m/%Y') as date_creation,
                TIMESTAMPDIFF(YEAR, date_creation, NOW()) as age
             FROM fayxzvov_mtto.udn   WHERE active = ?  ORDER BY id DESC 
[ ERROR READ] :: SQLSTATE[42S02]: Base table or view not found: 1146 Table 'fayxzvov_mtto.udn' doesn't exist


[ 2025-12-11 11:37:39 ]
[ UNIX_USR ] :: nt authority\system
[ WINDOWS_USR ] :: DESKTOP-FHJB2CN$
[ INFO ] ::  SELECT 
                id,
                name,
                description,
                active,
                DATE_FORMAT(date_creation, '%d/%m/%Y') as date_creation
             FROM fayxzvov_mtto.profiles   WHERE active = ?  ORDER BY id DESC 
[ ERROR READ] :: SQLSTATE[42S02]: Base table or view not found: 1146 Table 'fayxzvov_mtto.profiles' doesn't exist


[ 2025-12-11 11:37:39 ]
[ UNIX_USR ] :: nt authority\system
[ WINDOWS_USR ] :: DESKTOP-FHJB2CN$
[ INFO ] ::  SELECT 
                id,
                username,
                full_name,
                email,
                active,
                DATE_FORMAT(date_creation, '%d/%m/%Y') as date_creation,
                DATE_FORMAT(last_login, '%d/%m/%Y %H:%i') as last_login
             FROM fayxzvov_mtto.users   WHERE active = ?  ORDER BY id DESC 
[ ERROR READ] :: SQLSTATE[42S02]: Base table or view not found: 1146 Table 'fayxzvov_mtto.users' doesn't exist


[ 2025-12-11 11:37:38 ]
[ UNIX_USR ] :: nt authority\system
[ WINDOWS_USR ] :: DESKTOP-FHJB2CN$
[ INFO ] ::  SELECT 
                id,
                name,
                description,
                active,
                DATE_FORMAT(date_creation, '%d/%m/%Y') as date_creation
             FROM fayxzvov_mtto.profiles   WHERE active = ?  ORDER BY id DESC 
[ ERROR READ] :: SQLSTATE[42S02]: Base table or view not found: 1146 Table 'fayxzvov_mtto.profiles' doesn't exist


[ 2025-12-11 11:37:37 ]
[ UNIX_USR ] :: nt authority\system
[ WINDOWS_USR ] :: DESKTOP-FHJB2CN$
[ INFO ] ::  SELECT 
                id,
                username,
                full_name,
                email,
                active,
                DATE_FORMAT(date_creation, '%d/%m/%Y') as date_creation,
                DATE_FORMAT(last_login, '%d/%m/%Y %H:%i') as last_login
             FROM fayxzvov_mtto.users   WHERE active = ?  ORDER BY id DESC 
[ ERROR READ] :: SQLSTATE[42S02]: Base table or view not found: 1146 Table 'fayxzvov_mtto.users' doesn't exist


[ 2025-12-11 11:29:32 ]
[ UNIX_USR ] :: nt authority\system
[ WINDOWS_USR ] :: DESKTOP-FHJB2CN$
[ INFO ] ::  SELECT 
                id,
                name,
                code,
                description,
                active,
                DATE_FORMAT(date_creation, '%d/%m/%Y') as date_creation,
                TIMESTAMPDIFF(YEAR, date_creation, NOW()) as age
             FROM fayxzvov_mtto.udn   WHERE active = ?  ORDER BY id DESC 
[ ERROR READ] :: SQLSTATE[42S02]: Base table or view not found: 1146 Table 'fayxzvov_mtto.udn' doesn't exist


[ 2025-12-11 11:29:32 ]
[ UNIX_USR ] :: nt authority\system
[ WINDOWS_USR ] :: DESKTOP-FHJB2CN$
[ INFO ] ::  SELECT 
                id,
                name,
                description,
                active,
                DATE_FORMAT(date_creation, '%d/%m/%Y') as date_creation
             FROM fayxzvov_mtto.profiles   WHERE active = ?  ORDER BY id DESC 
[ ERROR READ] :: SQLSTATE[42S02]: Base table or view not found: 1146 Table 'fayxzvov_mtto.profiles' doesn't exist


[ 2025-12-11 11:29:32 ]
[ UNIX_USR ] :: nt authority\system
[ WINDOWS_USR ] :: DESKTOP-FHJB2CN$
[ INFO ] ::  SELECT 
                id,
                username,
                full_name,
                email,
                active,
                DATE_FORMAT(date_creation, '%d/%m/%Y') as date_creation,
                DATE_FORMAT(last_login, '%d/%m/%Y %H:%i') as last_login
             FROM fayxzvov_mtto.users   WHERE active = ?  ORDER BY id DESC 
[ ERROR READ] :: SQLSTATE[42S02]: Base table or view not found: 1146 Table 'fayxzvov_mtto.users' doesn't exist


[ 2025-12-11 11:29:31 ]
[ UNIX_USR ] :: nt authority\system
[ WINDOWS_USR ] :: DESKTOP-FHJB2CN$
[ INFO ] ::  SELECT 
                id,
                name,
                code,
                description,
                active,
                DATE_FORMAT(date_creation, '%d/%m/%Y') as date_creation,
                TIMESTAMPDIFF(YEAR, date_creation, NOW()) as age
             FROM fayxzvov_mtto.udn   WHERE active = ?  ORDER BY id DESC 
[ ERROR READ] :: SQLSTATE[42S02]: Base table or view not found: 1146 Table 'fayxzvov_mtto.udn' doesn't exist


[ 2025-12-11 11:29:30 ]
[ UNIX_USR ] :: nt authority\system
[ WINDOWS_USR ] :: DESKTOP-FHJB2CN$
[ INFO ] ::  SELECT 
                id,
                name,
                description,
                active,
                DATE_FORMAT(date_creation, '%d/%m/%Y') as date_creation
             FROM fayxzvov_mtto.profiles   WHERE active = ?  ORDER BY id DESC 
[ ERROR READ] :: SQLSTATE[42S02]: Base table or view not found: 1146 Table 'fayxzvov_mtto.profiles' doesn't exist


[ 2025-12-11 11:29:29 ]
[ UNIX_USR ] :: nt authority\system
[ WINDOWS_USR ] :: DESKTOP-FHJB2CN$
[ INFO ] ::  SELECT 
                id,
                username,
                full_name,
                email,
                active,
                DATE_FORMAT(date_creation, '%d/%m/%Y') as date_creation,
                DATE_FORMAT(last_login, '%d/%m/%Y %H:%i') as last_login
             FROM fayxzvov_mtto.users   WHERE active = ?  ORDER BY id DESC 
[ ERROR READ] :: SQLSTATE[42S02]: Base table or view not found: 1146 Table 'fayxzvov_mtto.users' doesn't exist


[ 2025-12-11 11:29:24 ]
[ UNIX_USR ] :: nt authority\system
[ WINDOWS_USR ] :: DESKTOP-FHJB2CN$
[ INFO ] ::  SELECT 
                id,
                name,
                code,
                description,
                active,
                DATE_FORMAT(date_creation, '%d/%m/%Y') as date_creation,
                TIMESTAMPDIFF(YEAR, date_creation, NOW()) as age
             FROM fayxzvov_mtto.udn   WHERE active = ?  ORDER BY id DESC 
[ ERROR READ] :: SQLSTATE[42S02]: Base table or view not found: 1146 Table 'fayxzvov_mtto.udn' doesn't exist


[ 2025-12-11 11:29:24 ]
[ UNIX_USR ] :: nt authority\system
[ WINDOWS_USR ] :: DESKTOP-FHJB2CN$
[ INFO ] ::  SELECT 
                id,
                name,
                description,
                active,
                DATE_FORMAT(date_creation, '%d/%m/%Y') as date_creation
             FROM fayxzvov_mtto.profiles   WHERE active = ?  ORDER BY id DESC 
[ ERROR READ] :: SQLSTATE[42S02]: Base table or view not found: 1146 Table 'fayxzvov_mtto.profiles' doesn't exist


[ 2025-12-11 11:29:24 ]
[ UNIX_USR ] :: nt authority\system
[ WINDOWS_USR ] :: DESKTOP-FHJB2CN$
[ INFO ] ::  SELECT 
                id,
                username,
                full_name,
                email,
                active,
                DATE_FORMAT(date_creation, '%d/%m/%Y') as date_creation,
                DATE_FORMAT(last_login, '%d/%m/%Y %H:%i') as last_login
             FROM fayxzvov_mtto.users   WHERE active = ?  ORDER BY id DESC 
[ ERROR READ] :: SQLSTATE[42S02]: Base table or view not found: 1146 Table 'fayxzvov_mtto.users' doesn't exist


