[ 2026-06-21 02:42:09 ]
[ UNIX_USR ] :: nt authority\system
[ WINDOWS_USR ] :: DESKTOP-O7AOGR9$
[ INFO ] ::  
            SELECT id, code, name, order_index, is_terminal, color_hex, active
            FROM fayxzvov_reginas.transfer_status
            WHERE 1 = 1 AND active = ?
            ORDER BY order_index ASC
        
[ ERROR READ] :: SQLSTATE[42S02]: Base table or view not found: 1146 Table 'fayxzvov_reginas.transfer_status' doesn't exist


[ 2026-06-21 02:42:09 ]
[ UNIX_USR ] :: nt authority\system
[ WINDOWS_USR ] :: DESKTOP-O7AOGR9$
[ INFO ] ::  
            SELECT id, code, name, icon, color_hex, affects_cost, active
            FROM fayxzvov_reginas.adjustment_reason
            WHERE 1 = 1 AND active = ?
            ORDER BY id ASC
        
[ ERROR READ] :: SQLSTATE[42S02]: Base table or view not found: 1146 Table 'fayxzvov_reginas.adjustment_reason' doesn't exist


[ 2026-06-21 02:42:09 ]
[ UNIX_USR ] :: nt authority\system
[ WINDOWS_USR ] :: DESKTOP-O7AOGR9$
[ INFO ] ::  
            SELECT id, code, name, icon, color_hex, active
            FROM fayxzvov_reginas.shrinkage_reason
            WHERE 1 = 1 AND active = ?
            ORDER BY id ASC
        
[ ERROR READ] :: SQLSTATE[42S02]: Base table or view not found: 1146 Table 'fayxzvov_reginas.shrinkage_reason' doesn't exist


[ 2026-06-21 02:42:09 ]
[ UNIX_USR ] :: nt authority\system
[ WINDOWS_USR ] :: DESKTOP-O7AOGR9$
[ INFO ] ::  
            SELECT id, code, name, icon, color_hex, requires_supplier, active
            FROM fayxzvov_reginas.inflow_origin
            WHERE 1 = 1 AND active = ?
            ORDER BY id ASC
        
[ ERROR READ] :: SQLSTATE[42S02]: Base table or view not found: 1146 Table 'fayxzvov_reginas.inflow_origin' doesn't exist


[ 2026-06-21 02:42:09 ]
[ UNIX_USR ] :: nt authority\system
[ WINDOWS_USR ] :: DESKTOP-O7AOGR9$
[ INFO ] ::  
            SELECT
                sp.id,
                sp.name,
                sp.contact_name,
                sp.phone,
                sp.email,
                sp.active,
                (SELECT COUNT(*) FROM fayxzvov_reginas.inventory_inflow ii
                 WHERE ii.supplier_id = sp.id AND ii.active = 1) AS inflow_count
            FROM fayxzvov_reginas.supplier sp
            WHERE sp.companies_id = ? AND sp.active = ?
            ORDER BY sp.name ASC
        
[ ERROR READ] :: SQLSTATE[42S02]: Base table or view not found: 1146 Table 'fayxzvov_reginas.supplier' doesn't exist


[ 2026-06-21 02:42:08 ]
[ UNIX_USR ] :: nt authority\system
[ WINDOWS_USR ] :: DESKTOP-O7AOGR9$
[ INFO ] ::  
            SELECT
                u.id,
                u.code,
                u.name,
                u.active,
                (SELECT COUNT(*) FROM fayxzvov_reginas.product_attribute pa
                 WHERE pa.unit_id = u.id AND pa.active = 1) AS product_count
            FROM fayxzvov_reginas.unit u
            WHERE 1 = 1 AND u.active = ?
            ORDER BY u.name ASC
        
[ ERROR READ] :: SQLSTATE[42S02]: Base table or view not found: 1146 Table 'fayxzvov_reginas.unit' doesn't exist


[ 2026-06-21 02:42:08 ]
[ UNIX_USR ] :: nt authority\system
[ WINDOWS_USR ] :: DESKTOP-O7AOGR9$
[ INFO ] ::  
            SELECT
                wa.id,
                wa.name,
                wa.description,
                wa.color_hex,
                wa.active,
                (SELECT COUNT(*) FROM fayxzvov_reginas.product_attribute pa
                 WHERE pa.warehouse_area_id = wa.id AND pa.active = 1) AS product_count
            FROM fayxzvov_reginas.warehouse_area wa
            WHERE wa.companies_id = ? AND wa.active = ?
            ORDER BY wa.name ASC
        
[ ERROR READ] :: SQLSTATE[42S02]: Base table or view not found: 1146 Table 'fayxzvov_reginas.warehouse_area' doesn't exist


[ 2026-06-21 02:42:08 ]
[ UNIX_USR ] :: nt authority\system
[ WINDOWS_USR ] :: DESKTOP-O7AOGR9$
[ INFO ] ::  
            SELECT
                w.id,
                w.name,
                w.is_default,
                w.active,
                w.subsidiaries_id,
                w.warehouse_area_id,
                s.name       AS subsidiary_name,
                wa.name      AS area_name,
                wa.color_hex AS area_color
            FROM fayxzvov_reginas.warehouse w
            LEFT JOIN fayxzvov_alpha.subsidiaries s ON s.id = w.subsidiaries_id
            LEFT JOIN fayxzvov_reginas.warehouse_area   wa ON wa.id = w.warehouse_area_id
            WHERE w.companies_id = ? AND w.active = ?
            ORDER BY s.name ASC, w.is_default DESC, w.name ASC
        
[ ERROR READ] :: SQLSTATE[42S02]: Base table or view not found: 1146 Table 'fayxzvov_reginas.warehouse' doesn't exist


[ 2026-06-21 02:42:08 ]
[ UNIX_USR ] :: nt authority\system
[ WINDOWS_USR ] :: DESKTOP-O7AOGR9$
[ INFO ] ::  
            SELECT
                p.id,
                p.name,
                p.price,
                p.image,
                p.active,
                p.category_id,
                oc.classification   AS category_name,
                pa.id               AS attribute_id,
                pa.sku,
                pa.cost_unit,
                pa.stock_min,
                pa.stock_max,
                pa.shelf_life_days,
                pa.warehouse_area_id,
                pa.unit_id,
                u.code              AS unit_code,
                wa.name             AS area_name,
                wa.color_hex        AS area_color
            FROM fayxzvov_reginas.order_products p
            LEFT JOIN fayxzvov_alpha.subsidiaries ps ON ps.id = p.subsidiaries_id
            LEFT JOIN fayxzvov_reginas.order_category    oc ON oc.id = p.category_id
            LEFT JOIN fayxzvov_reginas.product_attribute pa ON pa.product_id = p.id AND pa.active = 1
            LEFT JOIN fayxzvov_reginas.unit              u  ON u.id  = pa.unit_id
            LEFT JOIN fayxzvov_reginas.warehouse_area    wa ON wa.id = pa.warehouse_area_id
            WHERE COALESCE(p.companies_id, ps.companies_id) = ? AND p.active = ?
            ORDER BY p.id DESC
        
[ ERROR READ] :: SQLSTATE[42S02]: Base table or view not found: 1146 Table 'fayxzvov_reginas.product_attribute' doesn't exist


[ 2026-06-21 02:42:08 ]
[ UNIX_USR ] :: nt authority\system
[ WINDOWS_USR ] :: DESKTOP-O7AOGR9$
[ INFO ] ::  
            SELECT id, name AS valor
            FROM fayxzvov_reginas.supplier
            WHERE companies_id = ? AND active = 1
            ORDER BY name ASC
        
[ ERROR READ] :: SQLSTATE[42S02]: Base table or view not found: 1146 Table 'fayxzvov_reginas.supplier' doesn't exist


[ 2026-06-21 02:42:08 ]
[ UNIX_USR ] :: nt authority\system
[ WINDOWS_USR ] :: DESKTOP-O7AOGR9$
[ INFO ] ::  
            SELECT id, name AS valor, code
            FROM fayxzvov_reginas.unit
            WHERE active = 1
            ORDER BY name ASC
        
[ ERROR READ] :: SQLSTATE[42S02]: Base table or view not found: 1146 Table 'fayxzvov_reginas.unit' doesn't exist


[ 2026-06-21 02:42:08 ]
[ UNIX_USR ] :: nt authority\system
[ WINDOWS_USR ] :: DESKTOP-O7AOGR9$
[ INFO ] ::  
            SELECT id, name AS valor, color_hex
            FROM fayxzvov_reginas.warehouse_area
            WHERE companies_id = ? AND active = 1
            ORDER BY name ASC
        
[ ERROR READ] :: SQLSTATE[42S02]: Base table or view not found: 1146 Table 'fayxzvov_reginas.warehouse_area' doesn't exist


[ 2026-06-21 02:42:01 ]
[ UNIX_USR ] :: nt authority\system
[ WINDOWS_USR ] :: DESKTOP-O7AOGR9$
[ INFO ] ::  
            SELECT
                COUNT(DISTINCT p.id) AS total_productos,
                SUM(CASE WHEN COALESCE(s.q, 0) > COALESCE(pa.stock_min, 0) THEN 1 ELSE 0 END) AS total_ok,
                SUM(CASE WHEN COALESCE(s.q, 0) > 0 AND COALESCE(s.q, 0) <= COALESCE(pa.stock_min, 0) THEN 1 ELSE 0 END) AS total_bajo,
                SUM(CASE WHEN COALESCE(s.q, 0) = 0 THEN 1 ELSE 0 END) AS total_agotado
            FROM fayxzvov_reginas.order_products p
            LEFT JOIN fayxzvov_alpha.subsidiaries ps ON ps.id = p.subsidiaries_id
            LEFT JOIN fayxzvov_reginas.product_attribute pa ON pa.product_id = p.id AND pa.active = 1
            INNER JOIN (
                SELECT st.product_id, SUM(st.quantity) AS q
                FROM fayxzvov_reginas.stock st
                INNER JOIN fayxzvov_reginas.warehouse w ON w.id = st.warehouse_id AND w.active = 1
                WHERE st.active = 1 AND w.subsidiaries_id = ?
                GROUP BY st.product_id
            ) s ON s.product_id = p.id
            WHERE p.active = 1 AND COALESCE(p.companies_id, ps.companies_id) = ?
        
[ ERROR READ] :: SQLSTATE[42S02]: Base table or view not found: 1146 Table 'fayxzvov_reginas.product_attribute' doesn't exist


[ 2026-06-21 02:42:01 ]
[ UNIX_USR ] :: nt authority\system
[ WINDOWS_USR ] :: DESKTOP-O7AOGR9$
[ INFO ] ::  
            SELECT
                p.id                AS product_id,
                p.name              AS product_name,
                p.image             AS image,
                pa.sku              AS sku,
                p.category_id,
                oc.classification   AS category_name,
                pa.cost_unit        AS cost_unit,
                pa.stock_min        AS stock_min,
                pa.stock_max        AS stock_max,
                pa.shelf_life_days  AS shelf_life_days,
                u.code              AS unit_code,
                u.name              AS unit_name,
                wa.name             AS area_name,
                wa.color_hex        AS area_color,
                IFNULL(s.quantity_total, 0) AS quantity_total,
                s.last_movement_at          AS last_movement_at,
                s.last_inventory_at         AS last_inventory_at
            FROM fayxzvov_reginas.order_products p
            LEFT JOIN fayxzvov_alpha.subsidiaries ps ON ps.id = p.subsidiaries_id
            LEFT JOIN fayxzvov_reginas.order_category    oc ON oc.id = p.category_id
            LEFT JOIN fayxzvov_reginas.product_attribute pa ON pa.product_id = p.id AND pa.active = 1
            LEFT JOIN fayxzvov_reginas.unit              u  ON u.id  = pa.unit_id
            LEFT JOIN fayxzvov_reginas.warehouse_area    wa ON wa.id = pa.warehouse_area_id
            INNER JOIN (
                SELECT
                    st.product_id,
                    SUM(st.quantity)          AS quantity_total,
                    MAX(st.last_movement_at)  AS last_movement_at,
                    MAX(st.last_inventory_at) AS last_inventory_at
                FROM fayxzvov_reginas.stock st
                INNER JOIN fayxzvov_reginas.warehouse w ON w.id = st.warehouse_id AND w.active = 1
                WHERE st.active = 1 AND w.subsidiaries_id = ?
                GROUP BY st.product_id
            ) s ON s.product_id = p.id
            WHERE p.active = 1 AND COALESCE(p.companies_id, ps.companies_id) = ? AND EXISTS (SELECT 1 FROM fayxzvov_reginas.inventory_movement mvf
                             WHERE mvf.product_id = p.id AND mvf.companies_id = ? AND mvf.subsidiaries_id = ?)
            GROUP BY p.id
            
            ORDER BY quantity_total DESC, p.name ASC
        
[ ERROR READ] :: SQLSTATE[42S02]: Base table or view not found: 1146 Table 'fayxzvov_reginas.product_attribute' doesn't exist


[ 2026-06-21 01:13:01 ]
[ UNIX_USR ] :: nt authority\system
[ WINDOWS_USR ] :: DESKTOP-O7AOGR9$
[ INFO ] ::  
            SELECT id, code, name, order_index, is_terminal, color_hex, active
            FROM fayxzvov_reginas.transfer_status
            WHERE 1 = 1 AND active = ?
            ORDER BY order_index ASC
        
[ ERROR READ] :: SQLSTATE[42S02]: Base table or view not found: 1146 Table 'fayxzvov_reginas.transfer_status' doesn't exist


[ 2026-06-21 01:13:01 ]
[ UNIX_USR ] :: nt authority\system
[ WINDOWS_USR ] :: DESKTOP-O7AOGR9$
[ INFO ] ::  
            SELECT id, code, name, icon, color_hex, affects_cost, active
            FROM fayxzvov_reginas.adjustment_reason
            WHERE 1 = 1 AND active = ?
            ORDER BY id ASC
        
[ ERROR READ] :: SQLSTATE[42S02]: Base table or view not found: 1146 Table 'fayxzvov_reginas.adjustment_reason' doesn't exist


[ 2026-06-21 01:13:01 ]
[ UNIX_USR ] :: nt authority\system
[ WINDOWS_USR ] :: DESKTOP-O7AOGR9$
[ INFO ] ::  
            SELECT id, code, name, icon, color_hex, active
            FROM fayxzvov_reginas.shrinkage_reason
            WHERE 1 = 1 AND active = ?
            ORDER BY id ASC
        
[ ERROR READ] :: SQLSTATE[42S02]: Base table or view not found: 1146 Table 'fayxzvov_reginas.shrinkage_reason' doesn't exist


[ 2026-06-21 01:13:00 ]
[ UNIX_USR ] :: nt authority\system
[ WINDOWS_USR ] :: DESKTOP-O7AOGR9$
[ INFO ] ::  
            SELECT id, code, name, icon, color_hex, requires_supplier, active
            FROM fayxzvov_reginas.inflow_origin
            WHERE 1 = 1 AND active = ?
            ORDER BY id ASC
        
[ ERROR READ] :: SQLSTATE[42S02]: Base table or view not found: 1146 Table 'fayxzvov_reginas.inflow_origin' doesn't exist


[ 2026-06-21 01:13:00 ]
[ UNIX_USR ] :: nt authority\system
[ WINDOWS_USR ] :: DESKTOP-O7AOGR9$
[ INFO ] ::  
            SELECT
                sp.id,
                sp.name,
                sp.contact_name,
                sp.phone,
                sp.email,
                sp.active,
                (SELECT COUNT(*) FROM fayxzvov_reginas.inventory_inflow ii
                 WHERE ii.supplier_id = sp.id AND ii.active = 1) AS inflow_count
            FROM fayxzvov_reginas.supplier sp
            WHERE sp.companies_id = ? AND sp.active = ?
            ORDER BY sp.name ASC
        
[ ERROR READ] :: SQLSTATE[42S02]: Base table or view not found: 1146 Table 'fayxzvov_reginas.supplier' doesn't exist


[ 2026-06-21 01:13:00 ]
[ UNIX_USR ] :: nt authority\system
[ WINDOWS_USR ] :: DESKTOP-O7AOGR9$
[ INFO ] ::  
            SELECT
                u.id,
                u.code,
                u.name,
                u.active,
                (SELECT COUNT(*) FROM fayxzvov_reginas.product_attribute pa
                 WHERE pa.unit_id = u.id AND pa.active = 1) AS product_count
            FROM fayxzvov_reginas.unit u
            WHERE 1 = 1 AND u.active = ?
            ORDER BY u.name ASC
        
[ ERROR READ] :: SQLSTATE[42S02]: Base table or view not found: 1146 Table 'fayxzvov_reginas.unit' doesn't exist


[ 2026-06-21 01:13:00 ]
[ UNIX_USR ] :: nt authority\system
[ WINDOWS_USR ] :: DESKTOP-O7AOGR9$
[ INFO ] ::  
            SELECT
                wa.id,
                wa.name,
                wa.description,
                wa.color_hex,
                wa.active,
                (SELECT COUNT(*) FROM fayxzvov_reginas.product_attribute pa
                 WHERE pa.warehouse_area_id = wa.id AND pa.active = 1) AS product_count
            FROM fayxzvov_reginas.warehouse_area wa
            WHERE wa.companies_id = ? AND wa.active = ?
            ORDER BY wa.name ASC
        
[ ERROR READ] :: SQLSTATE[42S02]: Base table or view not found: 1146 Table 'fayxzvov_reginas.warehouse_area' doesn't exist


[ 2026-06-21 01:13:00 ]
[ UNIX_USR ] :: nt authority\system
[ WINDOWS_USR ] :: DESKTOP-O7AOGR9$
[ INFO ] ::  
            SELECT
                w.id,
                w.name,
                w.is_default,
                w.active,
                w.subsidiaries_id,
                w.warehouse_area_id,
                s.name       AS subsidiary_name,
                wa.name      AS area_name,
                wa.color_hex AS area_color
            FROM fayxzvov_reginas.warehouse w
            LEFT JOIN fayxzvov_alpha.subsidiaries s ON s.id = w.subsidiaries_id
            LEFT JOIN fayxzvov_reginas.warehouse_area   wa ON wa.id = w.warehouse_area_id
            WHERE w.companies_id = ? AND w.active = ?
            ORDER BY s.name ASC, w.is_default DESC, w.name ASC
        
[ ERROR READ] :: SQLSTATE[42S02]: Base table or view not found: 1146 Table 'fayxzvov_reginas.warehouse' doesn't exist


[ 2026-06-21 01:13:00 ]
[ UNIX_USR ] :: nt authority\system
[ WINDOWS_USR ] :: DESKTOP-O7AOGR9$
[ INFO ] ::  
            SELECT
                p.id,
                p.name,
                p.price,
                p.image,
                p.active,
                p.category_id,
                oc.classification   AS category_name,
                pa.id               AS attribute_id,
                pa.sku,
                pa.cost_unit,
                pa.stock_min,
                pa.stock_max,
                pa.shelf_life_days,
                pa.warehouse_area_id,
                pa.unit_id,
                u.code              AS unit_code,
                wa.name             AS area_name,
                wa.color_hex        AS area_color
            FROM fayxzvov_reginas.order_products p
            LEFT JOIN fayxzvov_alpha.subsidiaries ps ON ps.id = p.subsidiaries_id
            LEFT JOIN fayxzvov_reginas.order_category    oc ON oc.id = p.category_id
            LEFT JOIN fayxzvov_reginas.product_attribute pa ON pa.product_id = p.id AND pa.active = 1
            LEFT JOIN fayxzvov_reginas.unit              u  ON u.id  = pa.unit_id
            LEFT JOIN fayxzvov_reginas.warehouse_area    wa ON wa.id = pa.warehouse_area_id
            WHERE COALESCE(p.companies_id, ps.companies_id) = ? AND p.active = ?
            ORDER BY p.id DESC
        
[ ERROR READ] :: SQLSTATE[42S02]: Base table or view not found: 1146 Table 'fayxzvov_reginas.product_attribute' doesn't exist


[ 2026-06-21 01:13:00 ]
[ UNIX_USR ] :: nt authority\system
[ WINDOWS_USR ] :: DESKTOP-O7AOGR9$
[ INFO ] ::  
            SELECT id, name AS valor
            FROM fayxzvov_reginas.supplier
            WHERE companies_id = ? AND active = 1
            ORDER BY name ASC
        
[ ERROR READ] :: SQLSTATE[42S02]: Base table or view not found: 1146 Table 'fayxzvov_reginas.supplier' doesn't exist


[ 2026-06-21 01:13:00 ]
[ UNIX_USR ] :: nt authority\system
[ WINDOWS_USR ] :: DESKTOP-O7AOGR9$
[ INFO ] ::  
            SELECT id, name AS valor, code
            FROM fayxzvov_reginas.unit
            WHERE active = 1
            ORDER BY name ASC
        
[ ERROR READ] :: SQLSTATE[42S02]: Base table or view not found: 1146 Table 'fayxzvov_reginas.unit' doesn't exist


[ 2026-06-21 01:13:00 ]
[ UNIX_USR ] :: nt authority\system
[ WINDOWS_USR ] :: DESKTOP-O7AOGR9$
[ INFO ] ::  
            SELECT id, name AS valor, color_hex
            FROM fayxzvov_reginas.warehouse_area
            WHERE companies_id = ? AND active = 1
            ORDER BY name ASC
        
[ ERROR READ] :: SQLSTATE[42S02]: Base table or view not found: 1146 Table 'fayxzvov_reginas.warehouse_area' doesn't exist


[ 2026-06-21 01:12:57 ]
[ UNIX_USR ] :: nt authority\system
[ WINDOWS_USR ] :: DESKTOP-O7AOGR9$
[ INFO ] ::  
            SELECT
                COUNT(DISTINCT p.id) AS total_productos,
                SUM(CASE WHEN COALESCE(s.q, 0) > COALESCE(pa.stock_min, 0) THEN 1 ELSE 0 END) AS total_ok,
                SUM(CASE WHEN COALESCE(s.q, 0) > 0 AND COALESCE(s.q, 0) <= COALESCE(pa.stock_min, 0) THEN 1 ELSE 0 END) AS total_bajo,
                SUM(CASE WHEN COALESCE(s.q, 0) = 0 THEN 1 ELSE 0 END) AS total_agotado
            FROM fayxzvov_reginas.order_products p
            LEFT JOIN fayxzvov_alpha.subsidiaries ps ON ps.id = p.subsidiaries_id
            LEFT JOIN fayxzvov_reginas.product_attribute pa ON pa.product_id = p.id AND pa.active = 1
            INNER JOIN (
                SELECT st.product_id, SUM(st.quantity) AS q
                FROM fayxzvov_reginas.stock st
                INNER JOIN fayxzvov_reginas.warehouse w ON w.id = st.warehouse_id AND w.active = 1
                WHERE st.active = 1 AND w.subsidiaries_id = ?
                GROUP BY st.product_id
            ) s ON s.product_id = p.id
            WHERE p.active = 1 AND COALESCE(p.companies_id, ps.companies_id) = ?
        
[ ERROR READ] :: SQLSTATE[42S02]: Base table or view not found: 1146 Table 'fayxzvov_reginas.product_attribute' doesn't exist


[ 2026-06-21 01:12:57 ]
[ UNIX_USR ] :: nt authority\system
[ WINDOWS_USR ] :: DESKTOP-O7AOGR9$
[ INFO ] ::  
            SELECT
                p.id                AS product_id,
                p.name              AS product_name,
                p.image             AS image,
                pa.sku              AS sku,
                p.category_id,
                oc.classification   AS category_name,
                pa.cost_unit        AS cost_unit,
                pa.stock_min        AS stock_min,
                pa.stock_max        AS stock_max,
                pa.shelf_life_days  AS shelf_life_days,
                u.code              AS unit_code,
                u.name              AS unit_name,
                wa.name             AS area_name,
                wa.color_hex        AS area_color,
                IFNULL(s.quantity_total, 0) AS quantity_total,
                s.last_movement_at          AS last_movement_at,
                s.last_inventory_at         AS last_inventory_at
            FROM fayxzvov_reginas.order_products p
            LEFT JOIN fayxzvov_alpha.subsidiaries ps ON ps.id = p.subsidiaries_id
            LEFT JOIN fayxzvov_reginas.order_category    oc ON oc.id = p.category_id
            LEFT JOIN fayxzvov_reginas.product_attribute pa ON pa.product_id = p.id AND pa.active = 1
            LEFT JOIN fayxzvov_reginas.unit              u  ON u.id  = pa.unit_id
            LEFT JOIN fayxzvov_reginas.warehouse_area    wa ON wa.id = pa.warehouse_area_id
            INNER JOIN (
                SELECT
                    st.product_id,
                    SUM(st.quantity)          AS quantity_total,
                    MAX(st.last_movement_at)  AS last_movement_at,
                    MAX(st.last_inventory_at) AS last_inventory_at
                FROM fayxzvov_reginas.stock st
                INNER JOIN fayxzvov_reginas.warehouse w ON w.id = st.warehouse_id AND w.active = 1
                WHERE st.active = 1 AND w.subsidiaries_id = ?
                GROUP BY st.product_id
            ) s ON s.product_id = p.id
            WHERE p.active = 1 AND COALESCE(p.companies_id, ps.companies_id) = ? AND EXISTS (SELECT 1 FROM fayxzvov_reginas.inventory_movement mvf
                             WHERE mvf.product_id = p.id AND mvf.companies_id = ? AND mvf.subsidiaries_id = ?)
            GROUP BY p.id
            
            ORDER BY quantity_total DESC, p.name ASC
        
[ ERROR READ] :: SQLSTATE[42S02]: Base table or view not found: 1146 Table 'fayxzvov_reginas.product_attribute' doesn't exist


[ 2026-06-21 01:12:53 ]
[ UNIX_USR ] :: nt authority\system
[ WINDOWS_USR ] :: DESKTOP-O7AOGR9$
[ INFO ] ::  
            SELECT id, code, name, order_index, is_terminal, color_hex, active
            FROM fayxzvov_reginas.transfer_status
            WHERE 1 = 1 AND active = ?
            ORDER BY order_index ASC
        
[ ERROR READ] :: SQLSTATE[42S02]: Base table or view not found: 1146 Table 'fayxzvov_reginas.transfer_status' doesn't exist


[ 2026-06-21 01:12:53 ]
[ UNIX_USR ] :: nt authority\system
[ WINDOWS_USR ] :: DESKTOP-O7AOGR9$
[ INFO ] ::  
            SELECT id, code, name, icon, color_hex, affects_cost, active
            FROM fayxzvov_reginas.adjustment_reason
            WHERE 1 = 1 AND active = ?
            ORDER BY id ASC
        
[ ERROR READ] :: SQLSTATE[42S02]: Base table or view not found: 1146 Table 'fayxzvov_reginas.adjustment_reason' doesn't exist


[ 2026-06-21 01:12:52 ]
[ UNIX_USR ] :: nt authority\system
[ WINDOWS_USR ] :: DESKTOP-O7AOGR9$
[ INFO ] ::  
            SELECT id, code, name, icon, color_hex, active
            FROM fayxzvov_reginas.shrinkage_reason
            WHERE 1 = 1 AND active = ?
            ORDER BY id ASC
        
[ ERROR READ] :: SQLSTATE[42S02]: Base table or view not found: 1146 Table 'fayxzvov_reginas.shrinkage_reason' doesn't exist


[ 2026-06-21 01:12:52 ]
[ UNIX_USR ] :: nt authority\system
[ WINDOWS_USR ] :: DESKTOP-O7AOGR9$
[ INFO ] ::  
            SELECT id, code, name, icon, color_hex, requires_supplier, active
            FROM fayxzvov_reginas.inflow_origin
            WHERE 1 = 1 AND active = ?
            ORDER BY id ASC
        
[ ERROR READ] :: SQLSTATE[42S02]: Base table or view not found: 1146 Table 'fayxzvov_reginas.inflow_origin' doesn't exist


[ 2026-06-21 01:12:52 ]
[ UNIX_USR ] :: nt authority\system
[ WINDOWS_USR ] :: DESKTOP-O7AOGR9$
[ INFO ] ::  
            SELECT
                sp.id,
                sp.name,
                sp.contact_name,
                sp.phone,
                sp.email,
                sp.active,
                (SELECT COUNT(*) FROM fayxzvov_reginas.inventory_inflow ii
                 WHERE ii.supplier_id = sp.id AND ii.active = 1) AS inflow_count
            FROM fayxzvov_reginas.supplier sp
            WHERE sp.companies_id = ? AND sp.active = ?
            ORDER BY sp.name ASC
        
[ ERROR READ] :: SQLSTATE[42S02]: Base table or view not found: 1146 Table 'fayxzvov_reginas.supplier' doesn't exist


[ 2026-06-21 01:12:52 ]
[ UNIX_USR ] :: nt authority\system
[ WINDOWS_USR ] :: DESKTOP-O7AOGR9$
[ INFO ] ::  
            SELECT
                u.id,
                u.code,
                u.name,
                u.active,
                (SELECT COUNT(*) FROM fayxzvov_reginas.product_attribute pa
                 WHERE pa.unit_id = u.id AND pa.active = 1) AS product_count
            FROM fayxzvov_reginas.unit u
            WHERE 1 = 1 AND u.active = ?
            ORDER BY u.name ASC
        
[ ERROR READ] :: SQLSTATE[42S02]: Base table or view not found: 1146 Table 'fayxzvov_reginas.unit' doesn't exist


[ 2026-06-21 01:12:52 ]
[ UNIX_USR ] :: nt authority\system
[ WINDOWS_USR ] :: DESKTOP-O7AOGR9$
[ INFO ] ::  
            SELECT
                wa.id,
                wa.name,
                wa.description,
                wa.color_hex,
                wa.active,
                (SELECT COUNT(*) FROM fayxzvov_reginas.product_attribute pa
                 WHERE pa.warehouse_area_id = wa.id AND pa.active = 1) AS product_count
            FROM fayxzvov_reginas.warehouse_area wa
            WHERE wa.companies_id = ? AND wa.active = ?
            ORDER BY wa.name ASC
        
[ ERROR READ] :: SQLSTATE[42S02]: Base table or view not found: 1146 Table 'fayxzvov_reginas.warehouse_area' doesn't exist


[ 2026-06-21 01:12:52 ]
[ UNIX_USR ] :: nt authority\system
[ WINDOWS_USR ] :: DESKTOP-O7AOGR9$
[ INFO ] ::  
            SELECT
                w.id,
                w.name,
                w.is_default,
                w.active,
                w.subsidiaries_id,
                w.warehouse_area_id,
                s.name       AS subsidiary_name,
                wa.name      AS area_name,
                wa.color_hex AS area_color
            FROM fayxzvov_reginas.warehouse w
            LEFT JOIN fayxzvov_alpha.subsidiaries s ON s.id = w.subsidiaries_id
            LEFT JOIN fayxzvov_reginas.warehouse_area   wa ON wa.id = w.warehouse_area_id
            WHERE w.companies_id = ? AND w.active = ?
            ORDER BY s.name ASC, w.is_default DESC, w.name ASC
        
[ ERROR READ] :: SQLSTATE[42S02]: Base table or view not found: 1146 Table 'fayxzvov_reginas.warehouse' doesn't exist


[ 2026-06-21 01:12:52 ]
[ UNIX_USR ] :: nt authority\system
[ WINDOWS_USR ] :: DESKTOP-O7AOGR9$
[ INFO ] ::  
            SELECT
                p.id,
                p.name,
                p.price,
                p.image,
                p.active,
                p.category_id,
                oc.classification   AS category_name,
                pa.id               AS attribute_id,
                pa.sku,
                pa.cost_unit,
                pa.stock_min,
                pa.stock_max,
                pa.shelf_life_days,
                pa.warehouse_area_id,
                pa.unit_id,
                u.code              AS unit_code,
                wa.name             AS area_name,
                wa.color_hex        AS area_color
            FROM fayxzvov_reginas.order_products p
            LEFT JOIN fayxzvov_alpha.subsidiaries ps ON ps.id = p.subsidiaries_id
            LEFT JOIN fayxzvov_reginas.order_category    oc ON oc.id = p.category_id
            LEFT JOIN fayxzvov_reginas.product_attribute pa ON pa.product_id = p.id AND pa.active = 1
            LEFT JOIN fayxzvov_reginas.unit              u  ON u.id  = pa.unit_id
            LEFT JOIN fayxzvov_reginas.warehouse_area    wa ON wa.id = pa.warehouse_area_id
            WHERE COALESCE(p.companies_id, ps.companies_id) = ? AND p.active = ?
            ORDER BY p.id DESC
        
[ ERROR READ] :: SQLSTATE[42S02]: Base table or view not found: 1146 Table 'fayxzvov_reginas.product_attribute' doesn't exist


[ 2026-06-21 01:12:52 ]
[ UNIX_USR ] :: nt authority\system
[ WINDOWS_USR ] :: DESKTOP-O7AOGR9$
[ INFO ] ::  
            SELECT id, name AS valor
            FROM fayxzvov_reginas.supplier
            WHERE companies_id = ? AND active = 1
            ORDER BY name ASC
        
[ ERROR READ] :: SQLSTATE[42S02]: Base table or view not found: 1146 Table 'fayxzvov_reginas.supplier' doesn't exist


[ 2026-06-21 01:12:52 ]
[ UNIX_USR ] :: nt authority\system
[ WINDOWS_USR ] :: DESKTOP-O7AOGR9$
[ INFO ] ::  
            SELECT id, name AS valor, code
            FROM fayxzvov_reginas.unit
            WHERE active = 1
            ORDER BY name ASC
        
[ ERROR READ] :: SQLSTATE[42S02]: Base table or view not found: 1146 Table 'fayxzvov_reginas.unit' doesn't exist


[ 2026-06-21 01:12:52 ]
[ UNIX_USR ] :: nt authority\system
[ WINDOWS_USR ] :: DESKTOP-O7AOGR9$
[ INFO ] ::  
            SELECT id, name AS valor, color_hex
            FROM fayxzvov_reginas.warehouse_area
            WHERE companies_id = ? AND active = 1
            ORDER BY name ASC
        
[ ERROR READ] :: SQLSTATE[42S02]: Base table or view not found: 1146 Table 'fayxzvov_reginas.warehouse_area' doesn't exist


[ 2026-06-11 08:01:23 ]
[ UNIX_USR ] :: nt authority\system
[ WINDOWS_USR ] :: DESKTOP-O7AOGR9$
[ INFO ] ::  
            INSERT INTO fayxzvov_reginas.inventory_transfer
                (folio, note, total_products, total_units, total_cost, date_request,
                 status_id, origin_warehouse_id, destination_warehouse_id,
                 origin_subsidiaries_id, destination_subsidiaries_id,
                 requested_user_id, companies_id)
            VALUES (?,?,?,?,?,NOW(),?,?,?,?,?,?,?)
        
[ ERROR C.U.D. ] :: SQLSTATE[23000]: Integrity constraint violation: 1452 Cannot add or update a child row: a foreign key constraint fails (`fayxzvov_reginas`.`inventory_transfer`, CONSTRAINT `inventory_transfer_ibfk_2` FOREIGN KEY (`origin_warehouse_id`) REFERENCES `warehouse` (`id`) ON UPDATE CASCADE)


[ 2026-06-11 08:00:43 ]
[ UNIX_USR ] :: nt authority\system
[ WINDOWS_USR ] :: DESKTOP-O7AOGR9$
[ INFO ] ::  
            INSERT INTO fayxzvov_reginas.inventory_transfer
                (folio, note, total_products, total_units, total_cost, date_request,
                 status_id, origin_warehouse_id, destination_warehouse_id,
                 origin_subsidiaries_id, destination_subsidiaries_id,
                 requested_user_id, companies_id)
            VALUES (?,?,?,?,?,NOW(),?,?,?,?,?,?,?)
        
[ ERROR C.U.D. ] :: SQLSTATE[23000]: Integrity constraint violation: 1452 Cannot add or update a child row: a foreign key constraint fails (`fayxzvov_reginas`.`inventory_transfer`, CONSTRAINT `inventory_transfer_ibfk_2` FOREIGN KEY (`origin_warehouse_id`) REFERENCES `warehouse` (`id`) ON UPDATE CASCADE)


[ 2026-06-03 18:03:08 ]
[ UNIX_USR ] :: nt authority\system
[ WINDOWS_USR ] :: DESKTOP-FHJB2CN$
[ INFO ] ::  
            UPDATE fayxzvov_reginas.inventory_shrinkage
            SET status = 'Cancelada', updated_at = NOW()
            WHERE id = ?
        
[ ERROR C.U.D. ] :: SQLSTATE[01000]: Warning: 1265 Data truncated for column 'status' at row 1


[ 2026-06-03 16:31:23 ]
[ UNIX_USR ] :: nt authority\system
[ WINDOWS_USR ] :: DESKTOP-FHJB2CN$
[ INFO ] ::  
            UPDATE fayxzvov_reginas.inventory_shrinkage
            SET status = 'Cancelada', updated_at = NOW()
            WHERE id = ?
        
[ ERROR C.U.D. ] :: SQLSTATE[01000]: Warning: 1265 Data truncated for column 'status' at row 1


[ 2026-06-03 16:12:55 ]
[ UNIX_USR ] :: nt authority\system
[ WINDOWS_USR ] :: DESKTOP-FHJB2CN$
[ INFO ] ::  
            UPDATE fayxzvov_reginas.inventory_shrinkage
            SET status = 'Cancelada', updated_at = NOW()
            WHERE id = ?
        
[ ERROR C.U.D. ] :: SQLSTATE[01000]: Warning: 1265 Data truncated for column 'status' at row 1


[ 2026-06-03 16:12:49 ]
[ UNIX_USR ] :: nt authority\system
[ WINDOWS_USR ] :: DESKTOP-FHJB2CN$
[ INFO ] ::  
            UPDATE fayxzvov_reginas.inventory_shrinkage
            SET status = 'Cancelada', updated_at = NOW()
            WHERE id = ?
        
[ ERROR C.U.D. ] :: SQLSTATE[01000]: Warning: 1265 Data truncated for column 'status' at row 1


[ 2026-06-03 16:12:45 ]
[ UNIX_USR ] :: nt authority\system
[ WINDOWS_USR ] :: DESKTOP-FHJB2CN$
[ INFO ] ::  
            UPDATE fayxzvov_reginas.inventory_shrinkage
            SET status = 'Cancelada', updated_at = NOW()
            WHERE id = ?
        
[ ERROR C.U.D. ] :: SQLSTATE[01000]: Warning: 1265 Data truncated for column 'status' at row 1


[ 2026-06-03 14:30:43 ]
[ UNIX_USR ] :: nt authority\system
[ WINDOWS_USR ] :: DESKTOP-FHJB2CN$
[ INFO ] ::  
            UPDATE fayxzvov_reginas.inventory_shrinkage
            SET status = 'Cancelada', updated_at = NOW()
            WHERE id = ?
        
[ ERROR C.U.D. ] :: SQLSTATE[01000]: Warning: 1265 Data truncated for column 'status' at row 1


[ 2026-06-03 14:29:21 ]
[ UNIX_USR ] :: nt authority\system
[ WINDOWS_USR ] :: DESKTOP-FHJB2CN$
[ INFO ] ::  
            UPDATE fayxzvov_reginas.inventory_shrinkage
            SET status = 'Cancelada', updated_at = NOW()
            WHERE id = ?
        
[ ERROR C.U.D. ] :: SQLSTATE[01000]: Warning: 1265 Data truncated for column 'status' at row 1


[ 2026-06-03 14:29:03 ]
[ UNIX_USR ] :: nt authority\system
[ WINDOWS_USR ] :: DESKTOP-FHJB2CN$
[ INFO ] ::  
            UPDATE fayxzvov_reginas.inventory_shrinkage
            SET status = 'Cancelada', updated_at = NOW()
            WHERE id = ?
        
[ ERROR C.U.D. ] :: SQLSTATE[01000]: Warning: 1265 Data truncated for column 'status' at row 1


[ 2026-06-03 14:28:58 ]
[ UNIX_USR ] :: nt authority\system
[ WINDOWS_USR ] :: DESKTOP-FHJB2CN$
[ INFO ] ::  
            UPDATE fayxzvov_reginas.inventory_shrinkage
            SET status = 'Cancelada', updated_at = NOW()
            WHERE id = ?
        
[ ERROR C.U.D. ] :: SQLSTATE[01000]: Warning: 1265 Data truncated for column 'status' at row 1


[ 2026-06-01 23:21:54 ]
[ UNIX_USR ] :: nt authority\system
[ WINDOWS_USR ] :: DESKTOP-O7AOGR9$
[ INFO ] ::  
            SELECT
                d.id,
                d.quantity,
                d.confirmed_quantity,
                d.cost,
                d.subtotal,
                d.previous_stock,
                d.resulting_stock,
                d.batch_code,
                d.expires_at,
                d.product_id,
                p.name              AS product_name,
                p.image             AS image,
                pa.sku,
                d.unit_id,
                un.code             AS unit_code
            FROM fayxzvov_reginas.detail_inventory_inflow d
            INNER JOIN fayxzvov_reginas.order_products p   ON p.id  = d.product_id
            LEFT  JOIN fayxzvov_reginas.product_attribute pa ON pa.product_id = p.id AND pa.active = 1
            LEFT  JOIN fayxzvov_reginas.unit un            ON un.id = d.unit_id
            WHERE d.inventory_inflow_id = ? AND d.active = 1
            ORDER BY d.id ASC
        
[ ERROR READ] :: SQLSTATE[42S22]: Column not found: 1054 Unknown column 'd.confirmed_quantity' in 'field list'


[ 2026-06-01 22:11:55 ]
[ UNIX_USR ] :: nt authority\system
[ WINDOWS_USR ] :: DESKTOP-O7AOGR9$
[ INFO ] ::  
            SELECT
                d.id,
                d.quantity,
                d.confirmed_quantity,
                d.cost,
                d.subtotal,
                d.previous_stock,
                d.resulting_stock,
                d.batch_code,
                d.expires_at,
                d.product_id,
                p.name              AS product_name,
                p.image             AS image,
                pa.sku,
                d.unit_id,
                un.code             AS unit_code
            FROM fayxzvov_reginas.detail_inventory_inflow d
            INNER JOIN fayxzvov_reginas.order_products p   ON p.id  = d.product_id
            LEFT  JOIN fayxzvov_reginas.product_attribute pa ON pa.product_id = p.id AND pa.active = 1
            LEFT  JOIN fayxzvov_reginas.unit un            ON un.id = d.unit_id
            WHERE d.inventory_inflow_id = ? AND d.active = 1
            ORDER BY d.id ASC
        
[ ERROR READ] :: SQLSTATE[42S22]: Column not found: 1054 Unknown column 'd.confirmed_quantity' in 'field list'


[ 2026-06-01 22:11:52 ]
[ UNIX_USR ] :: nt authority\system
[ WINDOWS_USR ] :: DESKTOP-O7AOGR9$
[ INFO ] ::  
            SELECT
                d.id,
                d.quantity,
                d.confirmed_quantity,
                d.cost,
                d.subtotal,
                d.previous_stock,
                d.resulting_stock,
                d.batch_code,
                d.expires_at,
                d.product_id,
                p.name              AS product_name,
                p.image             AS image,
                pa.sku,
                d.unit_id,
                un.code             AS unit_code
            FROM fayxzvov_reginas.detail_inventory_inflow d
            INNER JOIN fayxzvov_reginas.order_products p   ON p.id  = d.product_id
            LEFT  JOIN fayxzvov_reginas.product_attribute pa ON pa.product_id = p.id AND pa.active = 1
            LEFT  JOIN fayxzvov_reginas.unit un            ON un.id = d.unit_id
            WHERE d.inventory_inflow_id = ? AND d.active = 1
            ORDER BY d.id ASC
        
[ ERROR READ] :: SQLSTATE[42S22]: Column not found: 1054 Unknown column 'd.confirmed_quantity' in 'field list'


[ 2026-06-01 22:11:51 ]
[ UNIX_USR ] :: nt authority\system
[ WINDOWS_USR ] :: DESKTOP-O7AOGR9$
[ INFO ] ::  
            SELECT
                d.id,
                d.quantity,
                d.confirmed_quantity,
                d.cost,
                d.subtotal,
                d.previous_stock,
                d.resulting_stock,
                d.batch_code,
                d.expires_at,
                d.product_id,
                p.name              AS product_name,
                p.image             AS image,
                pa.sku,
                d.unit_id,
                un.code             AS unit_code
            FROM fayxzvov_reginas.detail_inventory_inflow d
            INNER JOIN fayxzvov_reginas.order_products p   ON p.id  = d.product_id
            LEFT  JOIN fayxzvov_reginas.product_attribute pa ON pa.product_id = p.id AND pa.active = 1
            LEFT  JOIN fayxzvov_reginas.unit un            ON un.id = d.unit_id
            WHERE d.inventory_inflow_id = ? AND d.active = 1
            ORDER BY d.id ASC
        
[ ERROR READ] :: SQLSTATE[42S22]: Column not found: 1054 Unknown column 'd.confirmed_quantity' in 'field list'


[ 2026-06-01 22:11:50 ]
[ UNIX_USR ] :: nt authority\system
[ WINDOWS_USR ] :: DESKTOP-O7AOGR9$
[ INFO ] ::  
            SELECT
                d.id,
                d.quantity,
                d.confirmed_quantity,
                d.cost,
                d.subtotal,
                d.previous_stock,
                d.resulting_stock,
                d.batch_code,
                d.expires_at,
                d.product_id,
                p.name              AS product_name,
                p.image             AS image,
                pa.sku,
                d.unit_id,
                un.code             AS unit_code
            FROM fayxzvov_reginas.detail_inventory_inflow d
            INNER JOIN fayxzvov_reginas.order_products p   ON p.id  = d.product_id
            LEFT  JOIN fayxzvov_reginas.product_attribute pa ON pa.product_id = p.id AND pa.active = 1
            LEFT  JOIN fayxzvov_reginas.unit un            ON un.id = d.unit_id
            WHERE d.inventory_inflow_id = ? AND d.active = 1
            ORDER BY d.id ASC
        
[ ERROR READ] :: SQLSTATE[42S22]: Column not found: 1054 Unknown column 'd.confirmed_quantity' in 'field list'


[ 2026-06-01 22:11:49 ]
[ UNIX_USR ] :: nt authority\system
[ WINDOWS_USR ] :: DESKTOP-O7AOGR9$
[ INFO ] ::  
            SELECT
                d.id,
                d.quantity,
                d.confirmed_quantity,
                d.cost,
                d.subtotal,
                d.previous_stock,
                d.resulting_stock,
                d.batch_code,
                d.expires_at,
                d.product_id,
                p.name              AS product_name,
                p.image             AS image,
                pa.sku,
                d.unit_id,
                un.code             AS unit_code
            FROM fayxzvov_reginas.detail_inventory_inflow d
            INNER JOIN fayxzvov_reginas.order_products p   ON p.id  = d.product_id
            LEFT  JOIN fayxzvov_reginas.product_attribute pa ON pa.product_id = p.id AND pa.active = 1
            LEFT  JOIN fayxzvov_reginas.unit un            ON un.id = d.unit_id
            WHERE d.inventory_inflow_id = ? AND d.active = 1
            ORDER BY d.id ASC
        
[ ERROR READ] :: SQLSTATE[42S22]: Column not found: 1054 Unknown column 'd.confirmed_quantity' in 'field list'


[ 2026-06-01 22:11:48 ]
[ UNIX_USR ] :: nt authority\system
[ WINDOWS_USR ] :: DESKTOP-O7AOGR9$
[ INFO ] ::  
            SELECT
                d.id,
                d.quantity,
                d.confirmed_quantity,
                d.cost,
                d.subtotal,
                d.previous_stock,
                d.resulting_stock,
                d.batch_code,
                d.expires_at,
                d.product_id,
                p.name              AS product_name,
                p.image             AS image,
                pa.sku,
                d.unit_id,
                un.code             AS unit_code
            FROM fayxzvov_reginas.detail_inventory_inflow d
            INNER JOIN fayxzvov_reginas.order_products p   ON p.id  = d.product_id
            LEFT  JOIN fayxzvov_reginas.product_attribute pa ON pa.product_id = p.id AND pa.active = 1
            LEFT  JOIN fayxzvov_reginas.unit un            ON un.id = d.unit_id
            WHERE d.inventory_inflow_id = ? AND d.active = 1
            ORDER BY d.id ASC
        
[ ERROR READ] :: SQLSTATE[42S22]: Column not found: 1054 Unknown column 'd.confirmed_quantity' in 'field list'


[ 2026-06-01 22:11:47 ]
[ UNIX_USR ] :: nt authority\system
[ WINDOWS_USR ] :: DESKTOP-O7AOGR9$
[ INFO ] ::  
            SELECT
                d.id,
                d.quantity,
                d.confirmed_quantity,
                d.cost,
                d.subtotal,
                d.previous_stock,
                d.resulting_stock,
                d.batch_code,
                d.expires_at,
                d.product_id,
                p.name              AS product_name,
                p.image             AS image,
                pa.sku,
                d.unit_id,
                un.code             AS unit_code
            FROM fayxzvov_reginas.detail_inventory_inflow d
            INNER JOIN fayxzvov_reginas.order_products p   ON p.id  = d.product_id
            LEFT  JOIN fayxzvov_reginas.product_attribute pa ON pa.product_id = p.id AND pa.active = 1
            LEFT  JOIN fayxzvov_reginas.unit un            ON un.id = d.unit_id
            WHERE d.inventory_inflow_id = ? AND d.active = 1
            ORDER BY d.id ASC
        
[ ERROR READ] :: SQLSTATE[42S22]: Column not found: 1054 Unknown column 'd.confirmed_quantity' in 'field list'


[ 2026-06-01 22:11:45 ]
[ UNIX_USR ] :: nt authority\system
[ WINDOWS_USR ] :: DESKTOP-O7AOGR9$
[ INFO ] ::  
            SELECT
                d.id,
                d.quantity,
                d.confirmed_quantity,
                d.cost,
                d.subtotal,
                d.previous_stock,
                d.resulting_stock,
                d.batch_code,
                d.expires_at,
                d.product_id,
                p.name              AS product_name,
                p.image             AS image,
                pa.sku,
                d.unit_id,
                un.code             AS unit_code
            FROM fayxzvov_reginas.detail_inventory_inflow d
            INNER JOIN fayxzvov_reginas.order_products p   ON p.id  = d.product_id
            LEFT  JOIN fayxzvov_reginas.product_attribute pa ON pa.product_id = p.id AND pa.active = 1
            LEFT  JOIN fayxzvov_reginas.unit un            ON un.id = d.unit_id
            WHERE d.inventory_inflow_id = ? AND d.active = 1
            ORDER BY d.id ASC
        
[ ERROR READ] :: SQLSTATE[42S22]: Column not found: 1054 Unknown column 'd.confirmed_quantity' in 'field list'


[ 2026-06-01 22:11:40 ]
[ UNIX_USR ] :: nt authority\system
[ WINDOWS_USR ] :: DESKTOP-O7AOGR9$
[ INFO ] ::  
            SELECT
                d.id,
                d.quantity,
                d.confirmed_quantity,
                d.cost,
                d.subtotal,
                d.previous_stock,
                d.resulting_stock,
                d.batch_code,
                d.expires_at,
                d.product_id,
                p.name              AS product_name,
                p.image             AS image,
                pa.sku,
                d.unit_id,
                un.code             AS unit_code
            FROM fayxzvov_reginas.detail_inventory_inflow d
            INNER JOIN fayxzvov_reginas.order_products p   ON p.id  = d.product_id
            LEFT  JOIN fayxzvov_reginas.product_attribute pa ON pa.product_id = p.id AND pa.active = 1
            LEFT  JOIN fayxzvov_reginas.unit un            ON un.id = d.unit_id
            WHERE d.inventory_inflow_id = ? AND d.active = 1
            ORDER BY d.id ASC
        
[ ERROR READ] :: SQLSTATE[42S22]: Column not found: 1054 Unknown column 'd.confirmed_quantity' in 'field list'


[ 2026-06-01 22:11:38 ]
[ UNIX_USR ] :: nt authority\system
[ WINDOWS_USR ] :: DESKTOP-O7AOGR9$
[ INFO ] ::  
            SELECT
                d.id,
                d.quantity,
                d.confirmed_quantity,
                d.cost,
                d.subtotal,
                d.previous_stock,
                d.resulting_stock,
                d.batch_code,
                d.expires_at,
                d.product_id,
                p.name              AS product_name,
                p.image             AS image,
                pa.sku,
                d.unit_id,
                un.code             AS unit_code
            FROM fayxzvov_reginas.detail_inventory_inflow d
            INNER JOIN fayxzvov_reginas.order_products p   ON p.id  = d.product_id
            LEFT  JOIN fayxzvov_reginas.product_attribute pa ON pa.product_id = p.id AND pa.active = 1
            LEFT  JOIN fayxzvov_reginas.unit un            ON un.id = d.unit_id
            WHERE d.inventory_inflow_id = ? AND d.active = 1
            ORDER BY d.id ASC
        
[ ERROR READ] :: SQLSTATE[42S22]: Column not found: 1054 Unknown column 'd.confirmed_quantity' in 'field list'


[ 2026-06-01 22:11:36 ]
[ UNIX_USR ] :: nt authority\system
[ WINDOWS_USR ] :: DESKTOP-O7AOGR9$
[ INFO ] ::  
            SELECT
                d.id,
                d.quantity,
                d.confirmed_quantity,
                d.cost,
                d.subtotal,
                d.previous_stock,
                d.resulting_stock,
                d.batch_code,
                d.expires_at,
                d.product_id,
                p.name              AS product_name,
                p.image             AS image,
                pa.sku,
                d.unit_id,
                un.code             AS unit_code
            FROM fayxzvov_reginas.detail_inventory_inflow d
            INNER JOIN fayxzvov_reginas.order_products p   ON p.id  = d.product_id
            LEFT  JOIN fayxzvov_reginas.product_attribute pa ON pa.product_id = p.id AND pa.active = 1
            LEFT  JOIN fayxzvov_reginas.unit un            ON un.id = d.unit_id
            WHERE d.inventory_inflow_id = ? AND d.active = 1
            ORDER BY d.id ASC
        
[ ERROR READ] :: SQLSTATE[42S22]: Column not found: 1054 Unknown column 'd.confirmed_quantity' in 'field list'


[ 2026-06-01 10:40:02 ]
[ UNIX_USR ] :: nt authority\system
[ WINDOWS_USR ] :: DESKTOP-FHJB2CN$
[ INFO ] ::  
            SELECT
                i.*,
                io.name      AS origin_name,
                io.code      AS origin_code,
                io.color_hex AS origin_color,
                w.name       AS warehouse_name,
                sp.name      AS supplier_name,
                s.name       AS subsidiary_name,
                u.fullname   AS user_name,
                cu.fullname  AS confirmed_user_name
            FROM fayxzvov_reginas.inventory_inflow i
            LEFT JOIN fayxzvov_reginas.inflow_origin io ON io.id = i.inflow_origin_id
            LEFT JOIN fayxzvov_reginas.warehouse     w  ON w.id  = i.warehouse_id
            LEFT JOIN fayxzvov_reginas.supplier      sp ON sp.id = i.supplier_id
            LEFT JOIN fayxzvov_alpha.subsidiaries s ON s.id = i.subsidiaries_id
            LEFT JOIN fayxzvov_alpha.usr_users    u  ON u.id  = i.user_id
            LEFT JOIN fayxzvov_alpha.usr_users    cu ON cu.id = i.confirmed_user_id
            WHERE i.id = ?
            LIMIT 1
        
[ ERROR READ] :: SQLSTATE[42S22]: Column not found: 1054 Unknown column 'i.confirmed_user_id' in 'on clause'


[ 2026-06-01 10:38:54 ]
[ UNIX_USR ] :: nt authority\system
[ WINDOWS_USR ] :: DESKTOP-FHJB2CN$
[ INFO ] ::  
            SELECT
                i.*,
                io.name      AS origin_name,
                io.code      AS origin_code,
                io.color_hex AS origin_color,
                w.name       AS warehouse_name,
                sp.name      AS supplier_name,
                s.name       AS subsidiary_name,
                u.fullname   AS user_name,
                cu.fullname  AS confirmed_user_name
            FROM fayxzvov_reginas.inventory_inflow i
            LEFT JOIN fayxzvov_reginas.inflow_origin io ON io.id = i.inflow_origin_id
            LEFT JOIN fayxzvov_reginas.warehouse     w  ON w.id  = i.warehouse_id
            LEFT JOIN fayxzvov_reginas.supplier      sp ON sp.id = i.supplier_id
            LEFT JOIN fayxzvov_alpha.subsidiaries s ON s.id = i.subsidiaries_id
            LEFT JOIN fayxzvov_alpha.usr_users    u  ON u.id  = i.user_id
            LEFT JOIN fayxzvov_alpha.usr_users    cu ON cu.id = i.confirmed_user_id
            WHERE i.id = ?
            LIMIT 1
        
[ ERROR READ] :: SQLSTATE[42S22]: Column not found: 1054 Unknown column 'i.confirmed_user_id' in 'on clause'


[ 2026-06-01 10:38:54 ]
[ UNIX_USR ] :: nt authority\system
[ WINDOWS_USR ] :: DESKTOP-FHJB2CN$
[ INFO ] ::  
            SELECT
                i.*,
                io.name      AS origin_name,
                io.code      AS origin_code,
                io.color_hex AS origin_color,
                w.name       AS warehouse_name,
                sp.name      AS supplier_name,
                s.name       AS subsidiary_name,
                u.fullname   AS user_name,
                cu.fullname  AS confirmed_user_name
            FROM fayxzvov_reginas.inventory_inflow i
            LEFT JOIN fayxzvov_reginas.inflow_origin io ON io.id = i.inflow_origin_id
            LEFT JOIN fayxzvov_reginas.warehouse     w  ON w.id  = i.warehouse_id
            LEFT JOIN fayxzvov_reginas.supplier      sp ON sp.id = i.supplier_id
            LEFT JOIN fayxzvov_alpha.subsidiaries s ON s.id = i.subsidiaries_id
            LEFT JOIN fayxzvov_alpha.usr_users    u  ON u.id  = i.user_id
            LEFT JOIN fayxzvov_alpha.usr_users    cu ON cu.id = i.confirmed_user_id
            WHERE i.id = ?
            LIMIT 1
        
[ ERROR READ] :: SQLSTATE[42S22]: Column not found: 1054 Unknown column 'i.confirmed_user_id' in 'on clause'


[ 2026-06-01 10:38:53 ]
[ UNIX_USR ] :: nt authority\system
[ WINDOWS_USR ] :: DESKTOP-FHJB2CN$
[ INFO ] ::  
            SELECT
                i.*,
                io.name      AS origin_name,
                io.code      AS origin_code,
                io.color_hex AS origin_color,
                w.name       AS warehouse_name,
                sp.name      AS supplier_name,
                s.name       AS subsidiary_name,
                u.fullname   AS user_name,
                cu.fullname  AS confirmed_user_name
            FROM fayxzvov_reginas.inventory_inflow i
            LEFT JOIN fayxzvov_reginas.inflow_origin io ON io.id = i.inflow_origin_id
            LEFT JOIN fayxzvov_reginas.warehouse     w  ON w.id  = i.warehouse_id
            LEFT JOIN fayxzvov_reginas.supplier      sp ON sp.id = i.supplier_id
            LEFT JOIN fayxzvov_alpha.subsidiaries s ON s.id = i.subsidiaries_id
            LEFT JOIN fayxzvov_alpha.usr_users    u  ON u.id  = i.user_id
            LEFT JOIN fayxzvov_alpha.usr_users    cu ON cu.id = i.confirmed_user_id
            WHERE i.id = ?
            LIMIT 1
        
[ ERROR READ] :: SQLSTATE[42S22]: Column not found: 1054 Unknown column 'i.confirmed_user_id' in 'on clause'


[ 2026-05-31 13:20:42 ]
[ UNIX_USR ] :: nt authority\system
[ WINDOWS_USR ] :: DESKTOP-O7AOGR9$
[ INFO ] ::  
            INSERT INTO fayxzvov_reginas.product_attribute
                (sku, description, shelf_life_days, cost_unit, stock_min, stock_max,
                 warehouse_area_id, unit_id, product_id, companies_id)
            VALUES (?,?,?,?,?,?,?,?,?,?)
        
[ ERROR C.U.D. ] :: SQLSTATE[23000]: Integrity constraint violation: 1062 Duplicate entry '4' for key 'product_attribute.uq_product_attribute_sku_company'


[ 2026-05-31 13:17:40 ]
[ UNIX_USR ] :: nt authority\system
[ WINDOWS_USR ] :: DESKTOP-O7AOGR9$
[ INFO ] ::  
            INSERT INTO fayxzvov_reginas.product_attribute
                (sku, description, shelf_life_days, cost_unit, stock_min, stock_max,
                 warehouse_area_id, unit_id, product_id, companies_id)
            VALUES (?,?,?,?,?,?,?,?,?,?)
        
[ ERROR C.U.D. ] :: SQLSTATE[23000]: Integrity constraint violation: 1062 Duplicate entry '4' for key 'product_attribute.uq_product_attribute_sku_company'


[ 2026-05-31 13:17:25 ]
[ UNIX_USR ] :: nt authority\system
[ WINDOWS_USR ] :: DESKTOP-O7AOGR9$
[ INFO ] ::  
            INSERT INTO fayxzvov_reginas.product_attribute
                (sku, description, shelf_life_days, cost_unit, stock_min, stock_max,
                 warehouse_area_id, unit_id, product_id, companies_id)
            VALUES (?,?,?,?,?,?,?,?,?,?)
        
[ ERROR C.U.D. ] :: SQLSTATE[23000]: Integrity constraint violation: 1062 Duplicate entry '4' for key 'product_attribute.uq_product_attribute_sku_company'


[ 2026-05-31 09:16:39 ]
[ UNIX_USR ] :: nt authority\system
[ WINDOWS_USR ] :: DESKTOP-O7AOGR9$
[ INFO ] ::  
            INSERT INTO fayxzvov_reginas.inventory_inflow
                (folio, note, total_products, total_units, total_cost, date_inflow,
                 status, inflow_origin_id, warehouse_id, supplier_id,
                 subsidiaries_id, user_id, companies_id)
            VALUES (?,?,?,?,?,?,?,?,?,?,?,?,?)
        
[ ERROR C.U.D. ] :: SQLSTATE[23000]: Integrity constraint violation: 1452 Cannot add or update a child row: a foreign key constraint fails (`fayxzvov_reginas`.`inventory_inflow`, CONSTRAINT `inventory_inflow_ibfk_5` FOREIGN KEY (`user_id`) REFERENCES `fayxzvov_alpha`.`usr_users` (`id`) ON UPDATE CASCADE)


[ 2026-05-31 09:16:27 ]
[ UNIX_USR ] :: nt authority\system
[ WINDOWS_USR ] :: DESKTOP-O7AOGR9$
[ INFO ] ::  
            INSERT INTO fayxzvov_reginas.inventory_inflow
                (folio, note, total_products, total_units, total_cost, date_inflow,
                 status, inflow_origin_id, warehouse_id, supplier_id,
                 subsidiaries_id, user_id, companies_id)
            VALUES (?,?,?,?,?,?,?,?,?,?,?,?,?)
        
[ ERROR C.U.D. ] :: SQLSTATE[23000]: Integrity constraint violation: 1452 Cannot add or update a child row: a foreign key constraint fails (`fayxzvov_reginas`.`inventory_inflow`, CONSTRAINT `inventory_inflow_ibfk_5` FOREIGN KEY (`user_id`) REFERENCES `fayxzvov_alpha`.`usr_users` (`id`) ON UPDATE CASCADE)


[ 2026-05-31 09:09:27 ]
[ UNIX_USR ] :: nt authority\system
[ WINDOWS_USR ] :: DESKTOP-O7AOGR9$
[ INFO ] ::  
            INSERT INTO fayxzvov_reginas.inventory_inflow
                (folio, note, total_products, total_units, total_cost, date_inflow,
                 status, inflow_origin_id, warehouse_id, supplier_id,
                 subsidiaries_id, user_id, companies_id)
            VALUES (?,?,?,?,?,?,?,?,?,?,?,?,?)
        
[ ERROR C.U.D. ] :: SQLSTATE[23000]: Integrity constraint violation: 1452 Cannot add or update a child row: a foreign key constraint fails (`fayxzvov_reginas`.`inventory_inflow`, CONSTRAINT `inventory_inflow_ibfk_1` FOREIGN KEY (`inflow_origin_id`) REFERENCES `inflow_origin` (`id`) ON UPDATE CASCADE)


[ 2026-05-31 09:06:09 ]
[ UNIX_USR ] :: nt authority\system
[ WINDOWS_USR ] :: DESKTOP-O7AOGR9$
[ INFO ] ::  
            INSERT INTO fayxzvov_reginas.inventory_inflow
                (folio, note, total_products, total_units, total_cost, date_inflow,
                 status, inflow_origin_id, warehouse_id, supplier_id,
                 subsidiaries_id, user_id, companies_id)
            VALUES (?,?,?,?,?,?,?,?,?,?,?,?,?)
        
[ ERROR C.U.D. ] :: SQLSTATE[23000]: Integrity constraint violation: 1452 Cannot add or update a child row: a foreign key constraint fails (`fayxzvov_reginas`.`inventory_inflow`, CONSTRAINT `inventory_inflow_ibfk_1` FOREIGN KEY (`inflow_origin_id`) REFERENCES `inflow_origin` (`id`) ON UPDATE CASCADE)


[ 2026-05-31 09:03:50 ]
[ UNIX_USR ] :: nt authority\system
[ WINDOWS_USR ] :: DESKTOP-O7AOGR9$
[ INFO ] ::  
            INSERT INTO fayxzvov_reginas.inventory_inflow
                (folio, note, total_products, total_units, total_cost, date_inflow,
                 status, inflow_origin_id, warehouse_id, supplier_id,
                 subsidiaries_id, user_id, companies_id)
            VALUES (?,?,?,?,?,?,?,?,?,?,?,?,?)
        
[ ERROR C.U.D. ] :: SQLSTATE[23000]: Integrity constraint violation: 1452 Cannot add or update a child row: a foreign key constraint fails (`fayxzvov_reginas`.`inventory_inflow`, CONSTRAINT `inventory_inflow_ibfk_1` FOREIGN KEY (`inflow_origin_id`) REFERENCES `inflow_origin` (`id`) ON UPDATE CASCADE)


[ 2026-05-16 12:55:12 ]
[ UNIX_USR ] :: nt authority\system
[ WINDOWS_USR ] :: DESKTOP-FHJB2CN$
[ INFO ] ::  
            SELECT id, name AS valor
            FROM fayxzvov_alpha.subsidiaries
            WHERE active = 1
            ORDER BY name ASC
        
[ ERROR READ] :: SQLSTATE[HY093]: Invalid parameter number: number of bound variables does not match number of tokens


[ 2026-05-16 12:49:37 ]
[ UNIX_USR ] :: nt authority\system
[ WINDOWS_USR ] :: DESKTOP-FHJB2CN$
[ INFO ] ::  
            SELECT id, name AS valor
            FROM fayxzvov_alpha.subsidiaries
            WHERE active = 1
            ORDER BY name ASC
        
[ ERROR READ] :: SQLSTATE[HY093]: Invalid parameter number: number of bound variables does not match number of tokens


[ 2026-05-16 12:45:43 ]
[ UNIX_USR ] :: nt authority\system
[ WINDOWS_USR ] :: DESKTOP-FHJB2CN$
[ INFO ] ::  UPDATE fayxzvov_reginas.order SET  WHERE id = ?
[ ERROR C.U.D. ] :: SQLSTATE[42000]: Syntax error or access violation: 1064 You have an error in your SQL syntax; check the manual that corresponds to your MySQL server version for the right syntax to use near 'WHERE id = '380'' at line 1


[ 2026-05-16 12:45:37 ]
[ UNIX_USR ] :: nt authority\system
[ WINDOWS_USR ] :: DESKTOP-FHJB2CN$
[ INFO ] ::  UPDATE fayxzvov_reginas.order SET  WHERE id = ?
[ ERROR C.U.D. ] :: SQLSTATE[42000]: Syntax error or access violation: 1064 You have an error in your SQL syntax; check the manual that corresponds to your MySQL server version for the right syntax to use near 'WHERE id = '380'' at line 1


[ 2026-05-16 12:45:25 ]
[ UNIX_USR ] :: nt authority\system
[ WINDOWS_USR ] :: DESKTOP-FHJB2CN$
[ INFO ] ::  
            SELECT id, name AS valor
            FROM fayxzvov_alpha.subsidiaries
            WHERE active = 1
            ORDER BY name ASC
        
[ ERROR READ] :: SQLSTATE[HY093]: Invalid parameter number: number of bound variables does not match number of tokens


[ 2026-05-16 12:33:51 ]
[ UNIX_USR ] :: nt authority\system
[ WINDOWS_USR ] :: DESKTOP-FHJB2CN$
[ INFO ] ::  
            SELECT id, name AS valor
            FROM fayxzvov_alpha.subsidiaries
            WHERE active = 1
            ORDER BY name ASC
        
[ ERROR READ] :: SQLSTATE[HY093]: Invalid parameter number: number of bound variables does not match number of tokens


[ 2026-05-16 12:33:34 ]
[ UNIX_USR ] :: nt authority\system
[ WINDOWS_USR ] :: DESKTOP-FHJB2CN$
[ INFO ] ::  
            SELECT id, name AS valor
            FROM fayxzvov_alpha.subsidiaries
            WHERE active = 1
            ORDER BY name ASC
        
[ ERROR READ] :: SQLSTATE[HY093]: Invalid parameter number: number of bound variables does not match number of tokens


[ 2026-05-16 12:33:19 ]
[ UNIX_USR ] :: nt authority\system
[ WINDOWS_USR ] :: DESKTOP-FHJB2CN$
[ INFO ] ::  
            SELECT id, name AS valor
            FROM fayxzvov_alpha.subsidiaries
            WHERE active = 1
            ORDER BY name ASC
        
[ ERROR READ] :: SQLSTATE[HY093]: Invalid parameter number: number of bound variables does not match number of tokens


[ 2026-05-16 12:32:25 ]
[ UNIX_USR ] :: nt authority\system
[ WINDOWS_USR ] :: DESKTOP-FHJB2CN$
[ INFO ] ::  
            SELECT id, name AS valor
            FROM fayxzvov_alpha.subsidiaries
            WHERE active = 1
            ORDER BY name ASC
        
[ ERROR READ] :: SQLSTATE[HY093]: Invalid parameter number: number of bound variables does not match number of tokens


[ 2026-05-16 12:32:24 ]
[ UNIX_USR ] :: nt authority\system
[ WINDOWS_USR ] :: DESKTOP-FHJB2CN$
[ INFO ] ::  
            SELECT id, name AS valor
            FROM fayxzvov_alpha.subsidiaries
            WHERE active = 1
            ORDER BY name ASC
        
[ ERROR READ] :: SQLSTATE[HY093]: Invalid parameter number: number of bound variables does not match number of tokens


[ 2026-05-16 12:32:09 ]
[ UNIX_USR ] :: nt authority\system
[ WINDOWS_USR ] :: DESKTOP-FHJB2CN$
[ INFO ] ::  
            SELECT id, name AS valor
            FROM fayxzvov_alpha.subsidiaries
            WHERE active = 1
            ORDER BY name ASC
        
[ ERROR READ] :: SQLSTATE[HY093]: Invalid parameter number: number of bound variables does not match number of tokens


[ 2026-05-16 12:32:08 ]
[ UNIX_USR ] :: nt authority\system
[ WINDOWS_USR ] :: DESKTOP-FHJB2CN$
[ INFO ] ::  
            SELECT id, name AS valor
            FROM fayxzvov_alpha.subsidiaries
            WHERE active = 1
            ORDER BY name ASC
        
[ ERROR READ] :: SQLSTATE[HY093]: Invalid parameter number: number of bound variables does not match number of tokens


[ 2026-05-16 12:32:08 ]
[ UNIX_USR ] :: nt authority\system
[ WINDOWS_USR ] :: DESKTOP-FHJB2CN$
[ INFO ] ::  
            SELECT id, name AS valor
            FROM fayxzvov_alpha.subsidiaries
            WHERE active = 1
            ORDER BY name ASC
        
[ ERROR READ] :: SQLSTATE[HY093]: Invalid parameter number: number of bound variables does not match number of tokens


[ 2026-05-16 12:32:08 ]
[ UNIX_USR ] :: nt authority\system
[ WINDOWS_USR ] :: DESKTOP-FHJB2CN$
[ INFO ] ::  
            SELECT id, name AS valor
            FROM fayxzvov_alpha.subsidiaries
            WHERE active = 1
            ORDER BY name ASC
        
[ ERROR READ] :: SQLSTATE[HY093]: Invalid parameter number: number of bound variables does not match number of tokens


[ 2026-05-16 12:32:07 ]
[ UNIX_USR ] :: nt authority\system
[ WINDOWS_USR ] :: DESKTOP-FHJB2CN$
[ INFO ] ::  
            SELECT id, name AS valor
            FROM fayxzvov_alpha.subsidiaries
            WHERE active = 1
            ORDER BY name ASC
        
[ ERROR READ] :: SQLSTATE[HY093]: Invalid parameter number: number of bound variables does not match number of tokens


[ 2026-05-16 12:32:06 ]
[ UNIX_USR ] :: nt authority\system
[ WINDOWS_USR ] :: DESKTOP-FHJB2CN$
[ INFO ] ::  
            SELECT id, name AS valor
            FROM fayxzvov_alpha.subsidiaries
            WHERE active = 1
            ORDER BY name ASC
        
[ ERROR READ] :: SQLSTATE[HY093]: Invalid parameter number: number of bound variables does not match number of tokens


[ 2026-05-16 12:32:05 ]
[ UNIX_USR ] :: nt authority\system
[ WINDOWS_USR ] :: DESKTOP-FHJB2CN$
[ INFO ] ::  
            SELECT id, name AS valor
            FROM fayxzvov_alpha.subsidiaries
            WHERE active = 1
            ORDER BY name ASC
        
[ ERROR READ] :: SQLSTATE[HY093]: Invalid parameter number: number of bound variables does not match number of tokens


[ 2026-05-16 12:32:04 ]
[ UNIX_USR ] :: nt authority\system
[ WINDOWS_USR ] :: DESKTOP-FHJB2CN$
[ INFO ] ::  
            SELECT id, name AS valor
            FROM fayxzvov_alpha.subsidiaries
            WHERE active = 1
            ORDER BY name ASC
        
[ ERROR READ] :: SQLSTATE[HY093]: Invalid parameter number: number of bound variables does not match number of tokens


[ 2026-05-16 12:31:04 ]
[ UNIX_USR ] :: nt authority\system
[ WINDOWS_USR ] :: DESKTOP-FHJB2CN$
[ INFO ] ::  
            SELECT id, name AS valor
            FROM fayxzvov_alpha.subsidiaries
            WHERE active = 1
            ORDER BY name ASC
        
[ ERROR READ] :: SQLSTATE[HY093]: Invalid parameter number: number of bound variables does not match number of tokens


[ 2026-05-16 12:31:02 ]
[ UNIX_USR ] :: nt authority\system
[ WINDOWS_USR ] :: DESKTOP-FHJB2CN$
[ INFO ] ::  
            SELECT id, name AS valor
            FROM fayxzvov_alpha.subsidiaries
            WHERE active = 1
            ORDER BY name ASC
        
[ ERROR READ] :: SQLSTATE[HY093]: Invalid parameter number: number of bound variables does not match number of tokens


[ 2026-05-16 12:27:39 ]
[ UNIX_USR ] :: nt authority\system
[ WINDOWS_USR ] :: DESKTOP-FHJB2CN$
[ INFO ] ::  
            SELECT id, name AS valor
            FROM fayxzvov_alpha.subsidiaries
            WHERE active = 1
            ORDER BY name ASC
        
[ ERROR READ] :: SQLSTATE[HY093]: Invalid parameter number: number of bound variables does not match number of tokens


[ 2026-05-16 12:27:36 ]
[ UNIX_USR ] :: nt authority\system
[ WINDOWS_USR ] :: DESKTOP-FHJB2CN$
[ INFO ] ::  
            SELECT id, name AS valor
            FROM fayxzvov_alpha.subsidiaries
            WHERE active = 1
            ORDER BY name ASC
        
[ ERROR READ] :: SQLSTATE[HY093]: Invalid parameter number: number of bound variables does not match number of tokens


[ 2026-05-16 12:17:58 ]
[ UNIX_USR ] :: nt authority\system
[ WINDOWS_USR ] :: DESKTOP-FHJB2CN$
[ INFO ] ::  
            SELECT id, name AS valor
            FROM fayxzvov_alpha.subsidiaries
            WHERE active = 1
            ORDER BY name ASC
        
[ ERROR READ] :: SQLSTATE[HY093]: Invalid parameter number: number of bound variables does not match number of tokens


[ 2026-05-16 10:13:32 ]
[ UNIX_USR ] :: nt authority\system
[ WINDOWS_USR ] :: DESKTOP-FHJB2CN$
[ INFO ] ::  
            SELECT id, name AS valor
            FROM fayxzvov_alpha.subsidiaries
            WHERE active = 1
            ORDER BY name ASC
        
[ ERROR READ] :: SQLSTATE[HY093]: Invalid parameter number: number of bound variables does not match number of tokens


[ 2026-05-16 10:13:24 ]
[ UNIX_USR ] :: nt authority\system
[ WINDOWS_USR ] :: DESKTOP-FHJB2CN$
[ INFO ] ::  
            SELECT id, name AS valor
            FROM fayxzvov_alpha.subsidiaries
            WHERE active = 1
            ORDER BY name ASC
        
[ ERROR READ] :: SQLSTATE[HY093]: Invalid parameter number: number of bound variables does not match number of tokens


[ 2026-05-16 10:12:56 ]
[ UNIX_USR ] :: nt authority\system
[ WINDOWS_USR ] :: DESKTOP-FHJB2CN$
[ INFO ] ::  
            SELECT id, name AS valor
            FROM fayxzvov_alpha.subsidiaries
            WHERE active = 1
            ORDER BY name ASC
        
[ ERROR READ] :: SQLSTATE[HY093]: Invalid parameter number: number of bound variables does not match number of tokens


[ 2026-05-16 10:12:21 ]
[ UNIX_USR ] :: nt authority\system
[ WINDOWS_USR ] :: DESKTOP-FHJB2CN$
[ INFO ] ::  
            SELECT id, name AS valor
            FROM fayxzvov_alpha.subsidiaries
            WHERE active = 1
            ORDER BY name ASC
        
[ ERROR READ] :: SQLSTATE[HY093]: Invalid parameter number: number of bound variables does not match number of tokens


[ 2026-05-16 10:12:13 ]
[ UNIX_USR ] :: nt authority\system
[ WINDOWS_USR ] :: DESKTOP-FHJB2CN$
[ INFO ] ::  
            SELECT id, name AS valor
            FROM fayxzvov_alpha.subsidiaries
            WHERE active = 1
            ORDER BY name ASC
        
[ ERROR READ] :: SQLSTATE[HY093]: Invalid parameter number: number of bound variables does not match number of tokens


[ 2026-05-16 10:07:12 ]
[ UNIX_USR ] :: nt authority\system
[ WINDOWS_USR ] :: DESKTOP-FHJB2CN$
[ INFO ] ::  
            SELECT id, name AS valor
            FROM fayxzvov_alpha.subsidiaries
            WHERE active = 1
            ORDER BY name ASC
        
[ ERROR READ] :: SQLSTATE[HY093]: Invalid parameter number: number of bound variables does not match number of tokens


[ 2026-05-16 10:00:25 ]
[ UNIX_USR ] :: nt authority\system
[ WINDOWS_USR ] :: DESKTOP-FHJB2CN$
[ INFO ] ::  
            SELECT id, name AS valor
            FROM fayxzvov_alpha.subsidiaries
            WHERE active = 1
            ORDER BY name ASC
        
[ ERROR READ] :: SQLSTATE[HY093]: Invalid parameter number: number of bound variables does not match number of tokens


[ 2026-05-16 10:00:20 ]
[ UNIX_USR ] :: nt authority\system
[ WINDOWS_USR ] :: DESKTOP-FHJB2CN$
[ INFO ] ::  
            SELECT id, name AS valor
            FROM fayxzvov_alpha.subsidiaries
            WHERE active = 1
            ORDER BY name ASC
        
[ ERROR READ] :: SQLSTATE[HY093]: Invalid parameter number: number of bound variables does not match number of tokens


[ 2026-05-16 10:00:02 ]
[ UNIX_USR ] :: nt authority\system
[ WINDOWS_USR ] :: DESKTOP-FHJB2CN$
[ INFO ] ::  
            SELECT id, name AS valor
            FROM fayxzvov_alpha.subsidiaries
            WHERE active = 1
            ORDER BY name ASC
        
[ ERROR READ] :: SQLSTATE[HY093]: Invalid parameter number: number of bound variables does not match number of tokens


[ 2026-05-15 18:48:30 ]
[ UNIX_USR ] :: nt authority\system
[ WINDOWS_USR ] :: DESKTOP-FHJB2CN$
[ INFO ] ::  
            SELECT id, name AS valor
            FROM fayxzvov_alpha.subsidiaries
            WHERE active = 1
            ORDER BY name ASC
        
[ ERROR READ] :: SQLSTATE[HY093]: Invalid parameter number: number of bound variables does not match number of tokens


[ 2026-05-15 18:48:21 ]
[ UNIX_USR ] :: nt authority\system
[ WINDOWS_USR ] :: DESKTOP-FHJB2CN$
[ INFO ] ::  
            SELECT id, name AS valor
            FROM fayxzvov_alpha.subsidiaries
            WHERE active = 1
            ORDER BY name ASC
        
[ ERROR READ] :: SQLSTATE[HY093]: Invalid parameter number: number of bound variables does not match number of tokens


[ 2026-05-15 09:24:58 ]
[ UNIX_USR ] :: nt authority\system
[ WINDOWS_USR ] :: DESKTOP-O7AOGR9$
[ INFO ] ::  UPDATE fayxzvov_reginas.order SET  WHERE id = ?
[ ERROR C.U.D. ] :: SQLSTATE[42000]: Syntax error or access violation: 1064 You have an error in your SQL syntax; check the manual that corresponds to your MySQL server version for the right syntax to use near 'WHERE id = '1042'' at line 1


[ 2026-05-15 09:24:57 ]
[ UNIX_USR ] :: nt authority\system
[ WINDOWS_USR ] :: DESKTOP-O7AOGR9$
[ INFO ] ::  UPDATE fayxzvov_reginas.order SET  WHERE id = ?
[ ERROR C.U.D. ] :: SQLSTATE[42000]: Syntax error or access violation: 1064 You have an error in your SQL syntax; check the manual that corresponds to your MySQL server version for the right syntax to use near 'WHERE id = '1043'' at line 1


